----------------------------------------------------------------
Tue May 16 11:52:12 CEST 2017:
Booting Derby version The Apache Software Foundation - Apache Derby - 10.12.1.1 - (1704137): instance a816c00e-015c-10ac-14e9-000006d57ec0 
on database directory C:\Users\avonva\Desktop\CatalogueBrowser\CatalogueBrowser\Database\CataloguesMetadata with class loader sun.misc.Launcher$AppClassLoader@73d16e93 
Loaded from file:/C:/Users/avonva/Desktop/CatalogueBrowser/CatalogueBrowser/lib/derby.jar
java.vendor=Oracle Corporation
java.runtime.version=1.8.0_111-b14
user.dir=C:\Users\avonva\Desktop\CatalogueBrowser\CatalogueBrowser
os.name=Windows 7
os.arch=amd64
os.version=6.1
derby.system.home=null
Database Class Loader started - derby.database.classpath=''
----------------------------------------------------------------
Tue May 16 11:52:16 CEST 2017:
Booting Derby version The Apache Software Foundation - Apache Derby - 10.12.1.1 - (1704137): instance 20e1c02b-015c-10ac-14e9-000006d57ec0 
on database directory C:\Users\avonva\Desktop\CatalogueBrowser\CatalogueBrowser\Database\CAT_ANLYREFMD_DB\ANLYREFMD_VERSION_1.2 with class loader sun.misc.Launcher$AppClassLoader@73d16e93 
Loaded from file:/C:/Users/avonva/Desktop/CatalogueBrowser/CatalogueBrowser/lib/derby.jar
java.vendor=Oracle Corporation
java.runtime.version=1.8.0_111-b14
user.dir=C:\Users\avonva\Desktop\CatalogueBrowser\CatalogueBrowser
os.name=Windows 7
os.arch=amd64
os.version=6.1
derby.system.home=null
Database Class Loader started - derby.database.classpath=''
Tue May 16 11:52:17 CEST 2017 Thread[main,5,main] Cleanup action starting
java.sql.SQLException: Database 'null' not found.
	at org.apache.derby.impl.jdbc.SQLExceptionFactory.getSQLException(Unknown Source)
	at org.apache.derby.impl.jdbc.SQLExceptionFactory.getSQLException(Unknown Source)
	at org.apache.derby.impl.jdbc.Util.generateCsSQLException(Unknown Source)
	at org.apache.derby.impl.jdbc.Util.generateCsSQLException(Unknown Source)
	at org.apache.derby.impl.jdbc.EmbedConnection.newSQLException(Unknown Source)
	at org.apache.derby.impl.jdbc.EmbedConnection.handleDBNotFound(Unknown Source)
	at org.apache.derby.impl.jdbc.EmbedConnection.<init>(Unknown Source)
	at org.apache.derby.jdbc.InternalDriver$1.run(Unknown Source)
	at org.apache.derby.jdbc.InternalDriver$1.run(Unknown Source)
	at java.security.AccessController.doPrivileged(Native Method)
	at org.apache.derby.jdbc.InternalDriver.getNewEmbedConnection(Unknown Source)
	at org.apache.derby.jdbc.InternalDriver.connect(Unknown Source)
	at org.apache.derby.jdbc.InternalDriver.connect(Unknown Source)
	at org.apache.derby.jdbc.AutoloadedDriver.connect(Unknown Source)
	at java.sql.DriverManager.getConnection(Unknown Source)
	at java.sql.DriverManager.getConnection(Unknown Source)
	at catalogue_object.Catalogue.getConnection(Catalogue.java:1410)
	at user_preferences.CataloguePreferenceDAO.getConnection(CataloguePreferenceDAO.java:109)
	at user_preferences.PreferenceDAO.getPreference(PreferenceDAO.java:84)
	at user_preferences.PreferenceDAO.getPreferenceBoolValue(PreferenceDAO.java:60)
	at utilities.GlobalUtil.refreshLogging(GlobalUtil.java:484)
	at catalogue_object.Catalogue.open(Catalogue.java:222)
	at ui_main_menu.FileMenu$10.run(FileMenu.java:542)
	at org.eclipse.swt.widgets.Synchronizer.syncExec(Unknown Source)
	at org.eclipse.swt.widgets.Display.syncExec(Unknown Source)
	at ui_main_menu.FileMenu.openCatalogue(FileMenu.java:533)
	at ui_main_menu.FileMenu.access$3(FileMenu.java:527)
	at ui_main_menu.FileMenu$4$1.handleEvent(FileMenu.java:308)
	at ui_main_panel.FormCataloguesList.callListener(FormCataloguesList.java:610)
	at ui_main_panel.FormCataloguesList.performOkActions(FormCataloguesList.java:702)
	at ui_main_panel.FormCataloguesList.access$0(FormCataloguesList.java:681)
	at ui_main_panel.FormCataloguesList$3.doubleClick(FormCataloguesList.java:808)
	at org.eclipse.jface.viewers.StructuredViewer$1.run(StructuredViewer.java:845)
	at org.eclipse.jface.util.SafeRunnable$1.run(SafeRunnable.java:128)
	at org.eclipse.jface.util.SafeRunnable.run(SafeRunnable.java:175)
	at org.eclipse.jface.viewers.StructuredViewer.fireDoubleClick(StructuredViewer.java:843)
	at org.eclipse.jface.viewers.StructuredViewer.handleDoubleSelect(StructuredViewer.java:1134)
	at org.eclipse.jface.viewers.StructuredViewer$4.widgetDefaultSelected(StructuredViewer.java:1246)
	at org.eclipse.jface.util.OpenStrategy.fireDefaultSelectionEvent(OpenStrategy.java:249)
	at org.eclipse.jface.util.OpenStrategy.access$0(OpenStrategy.java:246)
	at org.eclipse.jface.util.OpenStrategy$1.handleEvent(OpenStrategy.java:307)
	at org.eclipse.swt.widgets.EventTable.sendEvent(Unknown Source)
	at org.eclipse.swt.widgets.Widget.sendEvent(Unknown Source)
	at org.eclipse.swt.widgets.Display.runDeferredEvents(Unknown Source)
	at org.eclipse.swt.widgets.Display.readAndDispatch(Unknown Source)
	at ui_main_panel.CatalogueBrowserMain.main(CatalogueBrowserMain.java:119)
Caused by: ERROR XJ004: Database 'null' not found.
	at org.apache.derby.iapi.error.StandardException.newException(Unknown Source)
	at org.apache.derby.impl.jdbc.SQLExceptionFactory.wrapArgsForTransportAcrossDRDA(Unknown Source)
	... 46 more
============= begin nested exception, level (1) ===========
ERROR XJ004: Database 'null' not found.
	at org.apache.derby.iapi.error.StandardException.newException(Unknown Source)
	at org.apache.derby.impl.jdbc.SQLExceptionFactory.wrapArgsForTransportAcrossDRDA(Unknown Source)
	at org.apache.derby.impl.jdbc.SQLExceptionFactory.getSQLException(Unknown Source)
	at org.apache.derby.impl.jdbc.SQLExceptionFactory.getSQLException(Unknown Source)
	at org.apache.derby.impl.jdbc.Util.generateCsSQLException(Unknown Source)
	at org.apache.derby.impl.jdbc.Util.generateCsSQLException(Unknown Source)
	at org.apache.derby.impl.jdbc.EmbedConnection.newSQLException(Unknown Source)
	at org.apache.derby.impl.jdbc.EmbedConnection.handleDBNotFound(Unknown Source)
	at org.apache.derby.impl.jdbc.EmbedConnection.<init>(Unknown Source)
	at org.apache.derby.jdbc.InternalDriver$1.run(Unknown Source)
	at org.apache.derby.jdbc.InternalDriver$1.run(Unknown Source)
	at java.security.AccessController.doPrivileged(Native Method)
	at org.apache.derby.jdbc.InternalDriver.getNewEmbedConnection(Unknown Source)
	at org.apache.derby.jdbc.InternalDriver.connect(Unknown Source)
	at org.apache.derby.jdbc.InternalDriver.connect(Unknown Source)
	at org.apache.derby.jdbc.AutoloadedDriver.connect(Unknown Source)
	at java.sql.DriverManager.getConnection(Unknown Source)
	at java.sql.DriverManager.getConnection(Unknown Source)
	at catalogue_object.Catalogue.getConnection(Catalogue.java:1410)
	at user_preferences.CataloguePreferenceDAO.getConnection(CataloguePreferenceDAO.java:109)
	at user_preferences.PreferenceDAO.getPreference(PreferenceDAO.java:84)
	at user_preferences.PreferenceDAO.getPreferenceBoolValue(PreferenceDAO.java:60)
	at utilities.GlobalUtil.refreshLogging(GlobalUtil.java:484)
	at catalogue_object.Catalogue.open(Catalogue.java:222)
	at ui_main_menu.FileMenu$10.run(FileMenu.java:542)
	at org.eclipse.swt.widgets.Synchronizer.syncExec(Unknown Source)
	at org.eclipse.swt.widgets.Display.syncExec(Unknown Source)
	at ui_main_menu.FileMenu.openCatalogue(FileMenu.java:533)
	at ui_main_menu.FileMenu.access$3(FileMenu.java:527)
	at ui_main_menu.FileMenu$4$1.handleEvent(FileMenu.java:308)
	at ui_main_panel.FormCataloguesList.callListener(FormCataloguesList.java:610)
	at ui_main_panel.FormCataloguesList.performOkActions(FormCataloguesList.java:702)
	at ui_main_panel.FormCataloguesList.access$0(FormCataloguesList.java:681)
	at ui_main_panel.FormCataloguesList$3.doubleClick(FormCataloguesList.java:808)
	at org.eclipse.jface.viewers.StructuredViewer$1.run(StructuredViewer.java:845)
	at org.eclipse.jface.util.SafeRunnable$1.run(SafeRunnable.java:128)
	at org.eclipse.jface.util.SafeRunnable.run(SafeRunnable.java:175)
	at org.eclipse.jface.viewers.StructuredViewer.fireDoubleClick(StructuredViewer.java:843)
	at org.eclipse.jface.viewers.StructuredViewer.handleDoubleSelect(StructuredViewer.java:1134)
	at org.eclipse.jface.viewers.StructuredViewer$4.widgetDefaultSelected(StructuredViewer.java:1246)
	at org.eclipse.jface.util.OpenStrategy.fireDefaultSelectionEvent(OpenStrategy.java:249)
	at org.eclipse.jface.util.OpenStrategy.access$0(OpenStrategy.java:246)
	at org.eclipse.jface.util.OpenStrategy$1.handleEvent(OpenStrategy.java:307)
	at org.eclipse.swt.widgets.EventTable.sendEvent(Unknown Source)
	at org.eclipse.swt.widgets.Widget.sendEvent(Unknown Source)
	at org.eclipse.swt.widgets.Display.runDeferredEvents(Unknown Source)
	at org.eclipse.swt.widgets.Display.readAndDispatch(Unknown Source)
	at ui_main_panel.CatalogueBrowserMain.main(CatalogueBrowserMain.java:119)
============= end nested exception, level (1) ===========
Cleanup action completed
Tue May 16 11:52:17 CEST 2017 Thread[main,5,main] Cleanup action starting
java.sql.SQLException: Database 'null' not found.
	at org.apache.derby.impl.jdbc.SQLExceptionFactory.getSQLException(Unknown Source)
	at org.apache.derby.impl.jdbc.SQLExceptionFactory.getSQLException(Unknown Source)
	at org.apache.derby.impl.jdbc.Util.generateCsSQLException(Unknown Source)
	at org.apache.derby.impl.jdbc.Util.generateCsSQLException(Unknown Source)
	at org.apache.derby.impl.jdbc.EmbedConnection.newSQLException(Unknown Source)
	at org.apache.derby.impl.jdbc.EmbedConnection.handleDBNotFound(Unknown Source)
	at org.apache.derby.impl.jdbc.EmbedConnection.<init>(Unknown Source)
	at org.apache.derby.jdbc.InternalDriver$1.run(Unknown Source)
	at org.apache.derby.jdbc.InternalDriver$1.run(Unknown Source)
	at java.security.AccessController.doPrivileged(Native Method)
	at org.apache.derby.jdbc.InternalDriver.getNewEmbedConnection(Unknown Source)
	at org.apache.derby.jdbc.InternalDriver.connect(Unknown Source)
	at org.apache.derby.jdbc.InternalDriver.connect(Unknown Source)
	at org.apache.derby.jdbc.AutoloadedDriver.connect(Unknown Source)
	at java.sql.DriverManager.getConnection(Unknown Source)
	at java.sql.DriverManager.getConnection(Unknown Source)
	at catalogue_object.Catalogue.getConnection(Catalogue.java:1410)
	at user_preferences.CataloguePreferenceDAO.getConnection(CataloguePreferenceDAO.java:109)
	at user_preferences.PreferenceDAO.getPreference(PreferenceDAO.java:84)
	at user_preferences.PreferenceDAO.getPreferenceIntValue(PreferenceDAO.java:42)
	at ui_search_bar.SearchBar.getMinSearchChar(SearchBar.java:246)
	at ui_search_bar.SearchBar.canSearch(SearchBar.java:257)
	at ui_search_bar.SearchBar.access$2(SearchBar.java:256)
	at ui_search_bar.SearchBar$1.modifyText(SearchBar.java:292)
	at org.eclipse.swt.widgets.TypedListener.handleEvent(Unknown Source)
	at org.eclipse.swt.widgets.EventTable.sendEvent(Unknown Source)
	at org.eclipse.swt.widgets.Widget.sendEvent(Unknown Source)
	at org.eclipse.swt.widgets.Widget.sendEvent(Unknown Source)
	at org.eclipse.swt.widgets.Widget.sendEvent(Unknown Source)
	at org.eclipse.swt.widgets.Text.wmCommandChild(Unknown Source)
	at org.eclipse.swt.widgets.Control.WM_COMMAND(Unknown Source)
	at org.eclipse.swt.widgets.Control.windowProc(Unknown Source)
	at org.eclipse.swt.widgets.Display.windowProc(Unknown Source)
	at org.eclipse.swt.internal.win32.OS.CallWindowProcW(Native Method)
	at org.eclipse.swt.internal.win32.OS.CallWindowProc(Unknown Source)
	at org.eclipse.swt.widgets.Text.callWindowProc(Unknown Source)
	at org.eclipse.swt.widgets.Control.windowProc(Unknown Source)
	at org.eclipse.swt.widgets.Text.windowProc(Unknown Source)
	at org.eclipse.swt.widgets.Display.windowProc(Unknown Source)
	at org.eclipse.swt.internal.win32.OS.SetWindowTextW(Native Method)
	at org.eclipse.swt.internal.win32.OS.SetWindowText(Unknown Source)
	at org.eclipse.swt.widgets.Text.setText(Unknown Source)
	at ui_search_bar.SearchBar.setEnabled(SearchBar.java:98)
	at ui_search_bar.SearchPanel.setEnabled(SearchPanel.java:194)
	at ui_main_panel.MainPanel.removeData(MainPanel.java:282)
	at ui_main_panel.MainPanel.access$6(MainPanel.java:267)
	at ui_main_panel.MainPanel$9.handleEvent(MainPanel.java:430)
	at ui_main_menu.FileMenu.openCatalogue(FileMenu.java:550)
	at ui_main_menu.FileMenu.access$3(FileMenu.java:527)
	at ui_main_menu.FileMenu$4$1.handleEvent(FileMenu.java:308)
	at ui_main_panel.FormCataloguesList.callListener(FormCataloguesList.java:610)
	at ui_main_panel.FormCataloguesList.performOkActions(FormCataloguesList.java:702)
	at ui_main_panel.FormCataloguesList.access$0(FormCataloguesList.java:681)
	at ui_main_panel.FormCataloguesList$3.doubleClick(FormCataloguesList.java:808)
	at org.eclipse.jface.viewers.StructuredViewer$1.run(StructuredViewer.java:845)
	at org.eclipse.jface.util.SafeRunnable$1.run(SafeRunnable.java:128)
	at org.eclipse.jface.util.SafeRunnable.run(SafeRunnable.java:175)
	at org.eclipse.jface.viewers.StructuredViewer.fireDoubleClick(StructuredViewer.java:843)
	at org.eclipse.jface.viewers.StructuredViewer.handleDoubleSelect(StructuredViewer.java:1134)
	at org.eclipse.jface.viewers.StructuredViewer$4.widgetDefaultSelected(StructuredViewer.java:1246)
	at org.eclipse.jface.util.OpenStrategy.fireDefaultSelectionEvent(OpenStrategy.java:249)
	at org.eclipse.jface.util.OpenStrategy.access$0(OpenStrategy.java:246)
	at org.eclipse.jface.util.OpenStrategy$1.handleEvent(OpenStrategy.java:307)
	at org.eclipse.swt.widgets.EventTable.sendEvent(Unknown Source)
	at org.eclipse.swt.widgets.Widget.sendEvent(Unknown Source)
	at org.eclipse.swt.widgets.Display.runDeferredEvents(Unknown Source)
	at org.eclipse.swt.widgets.Display.readAndDispatch(Unknown Source)
	at ui_main_panel.CatalogueBrowserMain.main(CatalogueBrowserMain.java:119)
Caused by: ERROR XJ004: Database 'null' not found.
	at org.apache.derby.iapi.error.StandardException.newException(Unknown Source)
	at org.apache.derby.impl.jdbc.SQLExceptionFactory.wrapArgsForTransportAcrossDRDA(Unknown Source)
	... 68 more
============= begin nested exception, level (1) ===========
ERROR XJ004: Database 'null' not found.
	at org.apache.derby.iapi.error.StandardException.newException(Unknown Source)
	at org.apache.derby.impl.jdbc.SQLExceptionFactory.wrapArgsForTransportAcrossDRDA(Unknown Source)
	at org.apache.derby.impl.jdbc.SQLExceptionFactory.getSQLException(Unknown Source)
	at org.apache.derby.impl.jdbc.SQLExceptionFactory.getSQLException(Unknown Source)
	at org.apache.derby.impl.jdbc.Util.generateCsSQLException(Unknown Source)
	at org.apache.derby.impl.jdbc.Util.generateCsSQLException(Unknown Source)
	at org.apache.derby.impl.jdbc.EmbedConnection.newSQLException(Unknown Source)
	at org.apache.derby.impl.jdbc.EmbedConnection.handleDBNotFound(Unknown Source)
	at org.apache.derby.impl.jdbc.EmbedConnection.<init>(Unknown Source)
	at org.apache.derby.jdbc.InternalDriver$1.run(Unknown Source)
	at org.apache.derby.jdbc.InternalDriver$1.run(Unknown Source)
	at java.security.AccessController.doPrivileged(Native Method)
	at org.apache.derby.jdbc.InternalDriver.getNewEmbedConnection(Unknown Source)
	at org.apache.derby.jdbc.InternalDriver.connect(Unknown Source)
	at org.apache.derby.jdbc.InternalDriver.connect(Unknown Source)
	at org.apache.derby.jdbc.AutoloadedDriver.connect(Unknown Source)
	at java.sql.DriverManager.getConnection(Unknown Source)
	at java.sql.DriverManager.getConnection(Unknown Source)
	at catalogue_object.Catalogue.getConnection(Catalogue.java:1410)
	at user_preferences.CataloguePreferenceDAO.getConnection(CataloguePreferenceDAO.java:109)
	at user_preferences.PreferenceDAO.getPreference(PreferenceDAO.java:84)
	at user_preferences.PreferenceDAO.getPreferenceIntValue(PreferenceDAO.java:42)
	at ui_search_bar.SearchBar.getMinSearchChar(SearchBar.java:246)
	at ui_search_bar.SearchBar.canSearch(SearchBar.java:257)
	at ui_search_bar.SearchBar.access$2(SearchBar.java:256)
	at ui_search_bar.SearchBar$1.modifyText(SearchBar.java:292)
	at org.eclipse.swt.widgets.TypedListener.handleEvent(Unknown Source)
	at org.eclipse.swt.widgets.EventTable.sendEvent(Unknown Source)
	at org.eclipse.swt.widgets.Widget.sendEvent(Unknown Source)
	at org.eclipse.swt.widgets.Widget.sendEvent(Unknown Source)
	at org.eclipse.swt.widgets.Widget.sendEvent(Unknown Source)
	at org.eclipse.swt.widgets.Text.wmCommandChild(Unknown Source)
	at org.eclipse.swt.widgets.Control.WM_COMMAND(Unknown Source)
	at org.eclipse.swt.widgets.Control.windowProc(Unknown Source)
	at org.eclipse.swt.widgets.Display.windowProc(Unknown Source)
	at org.eclipse.swt.internal.win32.OS.CallWindowProcW(Native Method)
	at org.eclipse.swt.internal.win32.OS.CallWindowProc(Unknown Source)
	at org.eclipse.swt.widgets.Text.callWindowProc(Unknown Source)
	at org.eclipse.swt.widgets.Control.windowProc(Unknown Source)
	at org.eclipse.swt.widgets.Text.windowProc(Unknown Source)
	at org.eclipse.swt.widgets.Display.windowProc(Unknown Source)
	at org.eclipse.swt.internal.win32.OS.SetWindowTextW(Native Method)
	at org.eclipse.swt.internal.win32.OS.SetWindowText(Unknown Source)
	at org.eclipse.swt.widgets.Text.setText(Unknown Source)
	at ui_search_bar.SearchBar.setEnabled(SearchBar.java:98)
	at ui_search_bar.SearchPanel.setEnabled(SearchPanel.java:194)
	at ui_main_panel.MainPanel.removeData(MainPanel.java:282)
	at ui_main_panel.MainPanel.access$6(MainPanel.java:267)
	at ui_main_panel.MainPanel$9.handleEvent(MainPanel.java:430)
	at ui_main_menu.FileMenu.openCatalogue(FileMenu.java:550)
	at ui_main_menu.FileMenu.access$3(FileMenu.java:527)
	at ui_main_menu.FileMenu$4$1.handleEvent(FileMenu.java:308)
	at ui_main_panel.FormCataloguesList.callListener(FormCataloguesList.java:610)
	at ui_main_panel.FormCataloguesList.performOkActions(FormCataloguesList.java:702)
	at ui_main_panel.FormCataloguesList.access$0(FormCataloguesList.java:681)
	at ui_main_panel.FormCataloguesList$3.doubleClick(FormCataloguesList.java:808)
	at org.eclipse.jface.viewers.StructuredViewer$1.run(StructuredViewer.java:845)
	at org.eclipse.jface.util.SafeRunnable$1.run(SafeRunnable.java:128)
	at org.eclipse.jface.util.SafeRunnable.run(SafeRunnable.java:175)
	at org.eclipse.jface.viewers.StructuredViewer.fireDoubleClick(StructuredViewer.java:843)
	at org.eclipse.jface.viewers.StructuredViewer.handleDoubleSelect(StructuredViewer.java:1134)
	at org.eclipse.jface.viewers.StructuredViewer$4.widgetDefaultSelected(StructuredViewer.java:1246)
	at org.eclipse.jface.util.OpenStrategy.fireDefaultSelectionEvent(OpenStrategy.java:249)
	at org.eclipse.jface.util.OpenStrategy.access$0(OpenStrategy.java:246)
	at org.eclipse.jface.util.OpenStrategy$1.handleEvent(OpenStrategy.java:307)
	at org.eclipse.swt.widgets.EventTable.sendEvent(Unknown Source)
	at org.eclipse.swt.widgets.Widget.sendEvent(Unknown Source)
	at org.eclipse.swt.widgets.Display.runDeferredEvents(Unknown Source)
	at org.eclipse.swt.widgets.Display.readAndDispatch(Unknown Source)
	at ui_main_panel.CatalogueBrowserMain.main(CatalogueBrowserMain.java:119)
============= end nested exception, level (1) ===========
Cleanup action completed
Tue May 16 11:52:17 CEST 2017 Thread[main,5,main] Cleanup action starting
java.sql.SQLException: Database 'null' not found.
	at org.apache.derby.impl.jdbc.SQLExceptionFactory.getSQLException(Unknown Source)
	at org.apache.derby.impl.jdbc.SQLExceptionFactory.getSQLException(Unknown Source)
	at org.apache.derby.impl.jdbc.Util.generateCsSQLException(Unknown Source)
	at org.apache.derby.impl.jdbc.Util.generateCsSQLException(Unknown Source)
	at org.apache.derby.impl.jdbc.EmbedConnection.newSQLException(Unknown Source)
	at org.apache.derby.impl.jdbc.EmbedConnection.handleDBNotFound(Unknown Source)
	at org.apache.derby.impl.jdbc.EmbedConnection.<init>(Unknown Source)
	at org.apache.derby.jdbc.InternalDriver$1.run(Unknown Source)
	at org.apache.derby.jdbc.InternalDriver$1.run(Unknown Source)
	at java.security.AccessController.doPrivileged(Native Method)
	at org.apache.derby.jdbc.InternalDriver.getNewEmbedConnection(Unknown Source)
	at org.apache.derby.jdbc.InternalDriver.connect(Unknown Source)
	at org.apache.derby.jdbc.InternalDriver.connect(Unknown Source)
	at org.apache.derby.jdbc.AutoloadedDriver.connect(Unknown Source)
	at java.sql.DriverManager.getConnection(Unknown Source)
	at java.sql.DriverManager.getConnection(Unknown Source)
	at catalogue_object.Catalogue.getConnection(Catalogue.java:1410)
	at user_preferences.CataloguePreferenceDAO.getConnection(CataloguePreferenceDAO.java:109)
	at user_preferences.PreferenceDAO.getPreference(PreferenceDAO.java:84)
	at user_preferences.PreferenceDAO.getPreferenceIntValue(PreferenceDAO.java:42)
	at ui_search_bar.SearchBar.getMinSearchChar(SearchBar.java:246)
	at ui_search_bar.SearchBar.canSearch(SearchBar.java:257)
	at ui_search_bar.SearchBar.access$2(SearchBar.java:256)
	at ui_search_bar.SearchBar$1.modifyText(SearchBar.java:292)
	at org.eclipse.swt.widgets.TypedListener.handleEvent(Unknown Source)
	at org.eclipse.swt.widgets.EventTable.sendEvent(Unknown Source)
	at org.eclipse.swt.widgets.Widget.sendEvent(Unknown Source)
	at org.eclipse.swt.widgets.Widget.sendEvent(Unknown Source)
	at org.eclipse.swt.widgets.Widget.sendEvent(Unknown Source)
	at org.eclipse.swt.widgets.Text.wmCommandChild(Unknown Source)
	at org.eclipse.swt.widgets.Control.WM_COMMAND(Unknown Source)
	at org.eclipse.swt.widgets.Control.windowProc(Unknown Source)
	at org.eclipse.swt.widgets.Display.windowProc(Unknown Source)
	at org.eclipse.swt.internal.win32.OS.CallWindowProcW(Native Method)
	at org.eclipse.swt.internal.win32.OS.CallWindowProc(Unknown Source)
	at org.eclipse.swt.widgets.Text.callWindowProc(Unknown Source)
	at org.eclipse.swt.widgets.Control.windowProc(Unknown Source)
	at org.eclipse.swt.widgets.Text.windowProc(Unknown Source)
	at org.eclipse.swt.widgets.Display.windowProc(Unknown Source)
	at org.eclipse.swt.internal.win32.OS.SetWindowTextW(Native Method)
	at org.eclipse.swt.internal.win32.OS.SetWindowText(Unknown Source)
	at org.eclipse.swt.widgets.Text.setText(Unknown Source)
	at ui_search_bar.SearchBar.setEnabled(SearchBar.java:98)
	at ui_search_bar.SearchPanel.setEnabled(SearchPanel.java:194)
	at ui_main_panel.MainPanel.enableUI(MainPanel.java:213)
	at ui_main_panel.MainPanel.access$4(MainPanel.java:207)
	at ui_main_panel.MainPanel$9.handleEvent(MainPanel.java:439)
	at ui_main_menu.FileMenu.openCatalogue(FileMenu.java:550)
	at ui_main_menu.FileMenu.access$3(FileMenu.java:527)
	at ui_main_menu.FileMenu$4$1.handleEvent(FileMenu.java:308)
	at ui_main_panel.FormCataloguesList.callListener(FormCataloguesList.java:610)
	at ui_main_panel.FormCataloguesList.performOkActions(FormCataloguesList.java:702)
	at ui_main_panel.FormCataloguesList.access$0(FormCataloguesList.java:681)
	at ui_main_panel.FormCataloguesList$3.doubleClick(FormCataloguesList.java:808)
	at org.eclipse.jface.viewers.StructuredViewer$1.run(StructuredViewer.java:845)
	at org.eclipse.jface.util.SafeRunnable$1.run(SafeRunnable.java:128)
	at org.eclipse.jface.util.SafeRunnable.run(SafeRunnable.java:175)
	at org.eclipse.jface.viewers.StructuredViewer.fireDoubleClick(StructuredViewer.java:843)
	at org.eclipse.jface.viewers.StructuredViewer.handleDoubleSelect(StructuredViewer.java:1134)
	at org.eclipse.jface.viewers.StructuredViewer$4.widgetDefaultSelected(StructuredViewer.java:1246)
	at org.eclipse.jface.util.OpenStrategy.fireDefaultSelectionEvent(OpenStrategy.java:249)
	at org.eclipse.jface.util.OpenStrategy.access$0(OpenStrategy.java:246)
	at org.eclipse.jface.util.OpenStrategy$1.handleEvent(OpenStrategy.java:307)
	at org.eclipse.swt.widgets.EventTable.sendEvent(Unknown Source)
	at org.eclipse.swt.widgets.Widget.sendEvent(Unknown Source)
	at org.eclipse.swt.widgets.Display.runDeferredEvents(Unknown Source)
	at org.eclipse.swt.widgets.Display.readAndDispatch(Unknown Source)
	at ui_main_panel.CatalogueBrowserMain.main(CatalogueBrowserMain.java:119)
Caused by: ERROR XJ004: Database 'null' not found.
	at org.apache.derby.iapi.error.StandardException.newException(Unknown Source)
	at org.apache.derby.impl.jdbc.SQLExceptionFactory.wrapArgsForTransportAcrossDRDA(Unknown Source)
	... 68 more
============= begin nested exception, level (1) ===========
ERROR XJ004: Database 'null' not found.
	at org.apache.derby.iapi.error.StandardException.newException(Unknown Source)
	at org.apache.derby.impl.jdbc.SQLExceptionFactory.wrapArgsForTransportAcrossDRDA(Unknown Source)
	at org.apache.derby.impl.jdbc.SQLExceptionFactory.getSQLException(Unknown Source)
	at org.apache.derby.impl.jdbc.SQLExceptionFactory.getSQLException(Unknown Source)
	at org.apache.derby.impl.jdbc.Util.generateCsSQLException(Unknown Source)
	at org.apache.derby.impl.jdbc.Util.generateCsSQLException(Unknown Source)
	at org.apache.derby.impl.jdbc.EmbedConnection.newSQLException(Unknown Source)
	at org.apache.derby.impl.jdbc.EmbedConnection.handleDBNotFound(Unknown Source)
	at org.apache.derby.impl.jdbc.EmbedConnection.<init>(Unknown Source)
	at org.apache.derby.jdbc.InternalDriver$1.run(Unknown Source)
	at org.apache.derby.jdbc.InternalDriver$1.run(Unknown Source)
	at java.security.AccessController.doPrivileged(Native Method)
	at org.apache.derby.jdbc.InternalDriver.getNewEmbedConnection(Unknown Source)
	at org.apache.derby.jdbc.InternalDriver.connect(Unknown Source)
	at org.apache.derby.jdbc.InternalDriver.connect(Unknown Source)
	at org.apache.derby.jdbc.AutoloadedDriver.connect(Unknown Source)
	at java.sql.DriverManager.getConnection(Unknown Source)
	at java.sql.DriverManager.getConnection(Unknown Source)
	at catalogue_object.Catalogue.getConnection(Catalogue.java:1410)
	at user_preferences.CataloguePreferenceDAO.getConnection(CataloguePreferenceDAO.java:109)
	at user_preferences.PreferenceDAO.getPreference(PreferenceDAO.java:84)
	at user_preferences.PreferenceDAO.getPreferenceIntValue(PreferenceDAO.java:42)
	at ui_search_bar.SearchBar.getMinSearchChar(SearchBar.java:246)
	at ui_search_bar.SearchBar.canSearch(SearchBar.java:257)
	at ui_search_bar.SearchBar.access$2(SearchBar.java:256)
	at ui_search_bar.SearchBar$1.modifyText(SearchBar.java:292)
	at org.eclipse.swt.widgets.TypedListener.handleEvent(Unknown Source)
	at org.eclipse.swt.widgets.EventTable.sendEvent(Unknown Source)
	at org.eclipse.swt.widgets.Widget.sendEvent(Unknown Source)
	at org.eclipse.swt.widgets.Widget.sendEvent(Unknown Source)
	at org.eclipse.swt.widgets.Widget.sendEvent(Unknown Source)
	at org.eclipse.swt.widgets.Text.wmCommandChild(Unknown Source)
	at org.eclipse.swt.widgets.Control.WM_COMMAND(Unknown Source)
	at org.eclipse.swt.widgets.Control.windowProc(Unknown Source)
	at org.eclipse.swt.widgets.Display.windowProc(Unknown Source)
	at org.eclipse.swt.internal.win32.OS.CallWindowProcW(Native Method)
	at org.eclipse.swt.internal.win32.OS.CallWindowProc(Unknown Source)
	at org.eclipse.swt.widgets.Text.callWindowProc(Unknown Source)
	at org.eclipse.swt.widgets.Control.windowProc(Unknown Source)
	at org.eclipse.swt.widgets.Text.windowProc(Unknown Source)
	at org.eclipse.swt.widgets.Display.windowProc(Unknown Source)
	at org.eclipse.swt.internal.win32.OS.SetWindowTextW(Native Method)
	at org.eclipse.swt.internal.win32.OS.SetWindowText(Unknown Source)
	at org.eclipse.swt.widgets.Text.setText(Unknown Source)
	at ui_search_bar.SearchBar.setEnabled(SearchBar.java:98)
	at ui_search_bar.SearchPanel.setEnabled(SearchPanel.java:194)
	at ui_main_panel.MainPanel.enableUI(MainPanel.java:213)
	at ui_main_panel.MainPanel.access$4(MainPanel.java:207)
	at ui_main_panel.MainPanel$9.handleEvent(MainPanel.java:439)
	at ui_main_menu.FileMenu.openCatalogue(FileMenu.java:550)
	at ui_main_menu.FileMenu.access$3(FileMenu.java:527)
	at ui_main_menu.FileMenu$4$1.handleEvent(FileMenu.java:308)
	at ui_main_panel.FormCataloguesList.callListener(FormCataloguesList.java:610)
	at ui_main_panel.FormCataloguesList.performOkActions(FormCataloguesList.java:702)
	at ui_main_panel.FormCataloguesList.access$0(FormCataloguesList.java:681)
	at ui_main_panel.FormCataloguesList$3.doubleClick(FormCataloguesList.java:808)
	at org.eclipse.jface.viewers.StructuredViewer$1.run(StructuredViewer.java:845)
	at org.eclipse.jface.util.SafeRunnable$1.run(SafeRunnable.java:128)
	at org.eclipse.jface.util.SafeRunnable.run(SafeRunnable.java:175)
	at org.eclipse.jface.viewers.StructuredViewer.fireDoubleClick(StructuredViewer.java:843)
	at org.eclipse.jface.viewers.StructuredViewer.handleDoubleSelect(StructuredViewer.java:1134)
	at org.eclipse.jface.viewers.StructuredViewer$4.widgetDefaultSelected(StructuredViewer.java:1246)
	at org.eclipse.jface.util.OpenStrategy.fireDefaultSelectionEvent(OpenStrategy.java:249)
	at org.eclipse.jface.util.OpenStrategy.access$0(OpenStrategy.java:246)
	at org.eclipse.jface.util.OpenStrategy$1.handleEvent(OpenStrategy.java:307)
	at org.eclipse.swt.widgets.EventTable.sendEvent(Unknown Source)
	at org.eclipse.swt.widgets.Widget.sendEvent(Unknown Source)
	at org.eclipse.swt.widgets.Display.runDeferredEvents(Unknown Source)
	at org.eclipse.swt.widgets.Display.readAndDispatch(Unknown Source)
	at ui_main_panel.CatalogueBrowserMain.main(CatalogueBrowserMain.java:119)
============= end nested exception, level (1) ===========
Cleanup action completed
Tue May 16 11:52:17 CEST 2017 Thread[main,5,main] Cleanup action starting
java.sql.SQLException: Database 'null' not found.
	at org.apache.derby.impl.jdbc.SQLExceptionFactory.getSQLException(Unknown Source)
	at org.apache.derby.impl.jdbc.SQLExceptionFactory.getSQLException(Unknown Source)
	at org.apache.derby.impl.jdbc.Util.generateCsSQLException(Unknown Source)
	at org.apache.derby.impl.jdbc.Util.generateCsSQLException(Unknown Source)
	at org.apache.derby.impl.jdbc.EmbedConnection.newSQLException(Unknown Source)
	at org.apache.derby.impl.jdbc.EmbedConnection.handleDBNotFound(Unknown Source)
	at org.apache.derby.impl.jdbc.EmbedConnection.<init>(Unknown Source)
	at org.apache.derby.jdbc.InternalDriver$1.run(Unknown Source)
	at org.apache.derby.jdbc.InternalDriver$1.run(Unknown Source)
	at java.security.AccessController.doPrivileged(Native Method)
	at org.apache.derby.jdbc.InternalDriver.getNewEmbedConnection(Unknown Source)
	at org.apache.derby.jdbc.InternalDriver.connect(Unknown Source)
	at org.apache.derby.jdbc.InternalDriver.connect(Unknown Source)
	at org.apache.derby.jdbc.AutoloadedDriver.connect(Unknown Source)
	at java.sql.DriverManager.getConnection(Unknown Source)
	at java.sql.DriverManager.getConnection(Unknown Source)
	at catalogue_object.Catalogue.getConnection(Catalogue.java:1410)
	at already_described_terms.PicklistDAO.getPicklistsCount(PicklistDAO.java:369)
	at already_described_terms.PicklistDAO.isEmpty(PicklistDAO.java:32)
	at ui_main_menu.ToolsMenu.refresh(ToolsMenu.java:789)
	at ui_main_menu.MainMenu$1.run(MainMenu.java:101)
	at org.eclipse.swt.widgets.RunnableLock.run(Unknown Source)
	at org.eclipse.swt.widgets.Synchronizer.runAsyncMessages(Unknown Source)
	at org.eclipse.swt.widgets.Display.runAsyncMessages(Unknown Source)
	at org.eclipse.swt.widgets.Display.readAndDispatch(Unknown Source)
	at ui_main_panel.CatalogueBrowserMain.main(CatalogueBrowserMain.java:119)
Caused by: ERROR XJ004: Database 'null' not found.
	at org.apache.derby.iapi.error.StandardException.newException(Unknown Source)
	at org.apache.derby.impl.jdbc.SQLExceptionFactory.wrapArgsForTransportAcrossDRDA(Unknown Source)
	... 26 more
============= begin nested exception, level (1) ===========
ERROR XJ004: Database 'null' not found.
	at org.apache.derby.iapi.error.StandardException.newException(Unknown Source)
	at org.apache.derby.impl.jdbc.SQLExceptionFactory.wrapArgsForTransportAcrossDRDA(Unknown Source)
	at org.apache.derby.impl.jdbc.SQLExceptionFactory.getSQLException(Unknown Source)
	at org.apache.derby.impl.jdbc.SQLExceptionFactory.getSQLException(Unknown Source)
	at org.apache.derby.impl.jdbc.Util.generateCsSQLException(Unknown Source)
	at org.apache.derby.impl.jdbc.Util.generateCsSQLException(Unknown Source)
	at org.apache.derby.impl.jdbc.EmbedConnection.newSQLException(Unknown Source)
	at org.apache.derby.impl.jdbc.EmbedConnection.handleDBNotFound(Unknown Source)
	at org.apache.derby.impl.jdbc.EmbedConnection.<init>(Unknown Source)
	at org.apache.derby.jdbc.InternalDriver$1.run(Unknown Source)
	at org.apache.derby.jdbc.InternalDriver$1.run(Unknown Source)
	at java.security.AccessController.doPrivileged(Native Method)
	at org.apache.derby.jdbc.InternalDriver.getNewEmbedConnection(Unknown Source)
	at org.apache.derby.jdbc.InternalDriver.connect(Unknown Source)
	at org.apache.derby.jdbc.InternalDriver.connect(Unknown Source)
	at org.apache.derby.jdbc.AutoloadedDriver.connect(Unknown Source)
	at java.sql.DriverManager.getConnection(Unknown Source)
	at java.sql.DriverManager.getConnection(Unknown Source)
	at catalogue_object.Catalogue.getConnection(Catalogue.java:1410)
	at already_described_terms.PicklistDAO.getPicklistsCount(PicklistDAO.java:369)
	at already_described_terms.PicklistDAO.isEmpty(PicklistDAO.java:32)
	at ui_main_menu.ToolsMenu.refresh(ToolsMenu.java:789)
	at ui_main_menu.MainMenu$1.run(MainMenu.java:101)
	at org.eclipse.swt.widgets.RunnableLock.run(Unknown Source)
	at org.eclipse.swt.widgets.Synchronizer.runAsyncMessages(Unknown Source)
	at org.eclipse.swt.widgets.Display.runAsyncMessages(Unknown Source)
	at org.eclipse.swt.widgets.Display.readAndDispatch(Unknown Source)
	at ui_main_panel.CatalogueBrowserMain.main(CatalogueBrowserMain.java:119)
============= end nested exception, level (1) ===========
Cleanup action completed
Tue May 16 11:52:17 CEST 2017 Thread[main,5,main] Cleanup action starting
java.sql.SQLException: Database 'null' not found.
	at org.apache.derby.impl.jdbc.SQLExceptionFactory.getSQLException(Unknown Source)
	at org.apache.derby.impl.jdbc.SQLExceptionFactory.getSQLException(Unknown Source)
	at org.apache.derby.impl.jdbc.Util.generateCsSQLException(Unknown Source)
	at org.apache.derby.impl.jdbc.Util.generateCsSQLException(Unknown Source)
	at org.apache.derby.impl.jdbc.EmbedConnection.newSQLException(Unknown Source)
	at org.apache.derby.impl.jdbc.EmbedConnection.handleDBNotFound(Unknown Source)
	at org.apache.derby.impl.jdbc.EmbedConnection.<init>(Unknown Source)
	at org.apache.derby.jdbc.InternalDriver$1.run(Unknown Source)
	at org.apache.derby.jdbc.InternalDriver$1.run(Unknown Source)
	at java.security.AccessController.doPrivileged(Native Method)
	at org.apache.derby.jdbc.InternalDriver.getNewEmbedConnection(Unknown Source)
	at org.apache.derby.jdbc.InternalDriver.connect(Unknown Source)
	at org.apache.derby.jdbc.InternalDriver.connect(Unknown Source)
	at org.apache.derby.jdbc.AutoloadedDriver.connect(Unknown Source)
	at java.sql.DriverManager.getConnection(Unknown Source)
	at java.sql.DriverManager.getConnection(Unknown Source)
	at catalogue_object.Catalogue.getConnection(Catalogue.java:1410)
	at already_described_terms.PicklistDAO.getPicklistsCount(PicklistDAO.java:369)
	at already_described_terms.PicklistDAO.isEmpty(PicklistDAO.java:32)
	at ui_main_menu.ToolsMenu.refresh(ToolsMenu.java:789)
	at ui_main_menu.MainMenu$1.run(MainMenu.java:101)
	at org.eclipse.swt.widgets.RunnableLock.run(Unknown Source)
	at org.eclipse.swt.widgets.Synchronizer.runAsyncMessages(Unknown Source)
	at org.eclipse.swt.widgets.Display.runAsyncMessages(Unknown Source)
	at org.eclipse.swt.widgets.Display.readAndDispatch(Unknown Source)
	at ui_main_panel.CatalogueBrowserMain.main(CatalogueBrowserMain.java:119)
Caused by: ERROR XJ004: Database 'null' not found.
	at org.apache.derby.iapi.error.StandardException.newException(Unknown Source)
	at org.apache.derby.impl.jdbc.SQLExceptionFactory.wrapArgsForTransportAcrossDRDA(Unknown Source)
	... 26 more
============= begin nested exception, level (1) ===========
ERROR XJ004: Database 'null' not found.
	at org.apache.derby.iapi.error.StandardException.newException(Unknown Source)
	at org.apache.derby.impl.jdbc.SQLExceptionFactory.wrapArgsForTransportAcrossDRDA(Unknown Source)
	at org.apache.derby.impl.jdbc.SQLExceptionFactory.getSQLException(Unknown Source)
	at org.apache.derby.impl.jdbc.SQLExceptionFactory.getSQLException(Unknown Source)
	at org.apache.derby.impl.jdbc.Util.generateCsSQLException(Unknown Source)
	at org.apache.derby.impl.jdbc.Util.generateCsSQLException(Unknown Source)
	at org.apache.derby.impl.jdbc.EmbedConnection.newSQLException(Unknown Source)
	at org.apache.derby.impl.jdbc.EmbedConnection.handleDBNotFound(Unknown Source)
	at org.apache.derby.impl.jdbc.EmbedConnection.<init>(Unknown Source)
	at org.apache.derby.jdbc.InternalDriver$1.run(Unknown Source)
	at org.apache.derby.jdbc.InternalDriver$1.run(Unknown Source)
	at java.security.AccessController.doPrivileged(Native Method)
	at org.apache.derby.jdbc.InternalDriver.getNewEmbedConnection(Unknown Source)
	at org.apache.derby.jdbc.InternalDriver.connect(Unknown Source)
	at org.apache.derby.jdbc.InternalDriver.connect(Unknown Source)
	at org.apache.derby.jdbc.AutoloadedDriver.connect(Unknown Source)
	at java.sql.DriverManager.getConnection(Unknown Source)
	at java.sql.DriverManager.getConnection(Unknown Source)
	at catalogue_object.Catalogue.getConnection(Catalogue.java:1410)
	at already_described_terms.PicklistDAO.getPicklistsCount(PicklistDAO.java:369)
	at already_described_terms.PicklistDAO.isEmpty(PicklistDAO.java:32)
	at ui_main_menu.ToolsMenu.refresh(ToolsMenu.java:789)
	at ui_main_menu.MainMenu$1.run(MainMenu.java:101)
	at org.eclipse.swt.widgets.RunnableLock.run(Unknown Source)
	at org.eclipse.swt.widgets.Synchronizer.runAsyncMessages(Unknown Source)
	at org.eclipse.swt.widgets.Display.runAsyncMessages(Unknown Source)
	at org.eclipse.swt.widgets.Display.readAndDispatch(Unknown Source)
	at ui_main_panel.CatalogueBrowserMain.main(CatalogueBrowserMain.java:119)
============= end nested exception, level (1) ===========
Cleanup action completed
Tue May 16 11:53:24 CEST 2017 Thread[main,5,main] Cleanup action starting
java.sql.SQLException: Database 'null' not found.
	at org.apache.derby.impl.jdbc.SQLExceptionFactory.getSQLException(Unknown Source)
	at org.apache.derby.impl.jdbc.SQLExceptionFactory.getSQLException(Unknown Source)
	at org.apache.derby.impl.jdbc.Util.generateCsSQLException(Unknown Source)
	at org.apache.derby.impl.jdbc.Util.generateCsSQLException(Unknown Source)
	at org.apache.derby.impl.jdbc.EmbedConnection.newSQLException(Unknown Source)
	at org.apache.derby.impl.jdbc.EmbedConnection.handleDBNotFound(Unknown Source)
	at org.apache.derby.impl.jdbc.EmbedConnection.<init>(Unknown Source)
	at org.apache.derby.jdbc.InternalDriver$1.run(Unknown Source)
	at org.apache.derby.jdbc.InternalDriver$1.run(Unknown Source)
	at java.security.AccessController.doPrivileged(Native Method)
	at org.apache.derby.jdbc.InternalDriver.getNewEmbedConnection(Unknown Source)
	at org.apache.derby.jdbc.InternalDriver.connect(Unknown Source)
	at org.apache.derby.jdbc.InternalDriver.connect(Unknown Source)
	at org.apache.derby.jdbc.AutoloadedDriver.connect(Unknown Source)
	at java.sql.DriverManager.getConnection(Unknown Source)
	at java.sql.DriverManager.getConnection(Unknown Source)
	at catalogue_object.Catalogue.close(Catalogue.java:243)
	at ui_main_menu.FileMenu.closeCatalogue(FileMenu.java:567)
	at ui_main_menu.FileMenu.access$4(FileMenu.java:562)
	at ui_main_menu.FileMenu$6.widgetSelected(FileMenu.java:399)
	at org.eclipse.swt.widgets.TypedListener.handleEvent(Unknown Source)
	at org.eclipse.swt.widgets.EventTable.sendEvent(Unknown Source)
	at org.eclipse.swt.widgets.Widget.sendEvent(Unknown Source)
	at org.eclipse.swt.widgets.Display.runDeferredEvents(Unknown Source)
	at org.eclipse.swt.widgets.Display.readAndDispatch(Unknown Source)
	at ui_main_panel.CatalogueBrowserMain.main(CatalogueBrowserMain.java:119)
Caused by: ERROR XJ004: Database 'null' not found.
	at org.apache.derby.iapi.error.StandardException.newException(Unknown Source)
	at org.apache.derby.impl.jdbc.SQLExceptionFactory.wrapArgsForTransportAcrossDRDA(Unknown Source)
	... 26 more
============= begin nested exception, level (1) ===========
ERROR XJ004: Database 'null' not found.
	at org.apache.derby.iapi.error.StandardException.newException(Unknown Source)
	at org.apache.derby.impl.jdbc.SQLExceptionFactory.wrapArgsForTransportAcrossDRDA(Unknown Source)
	at org.apache.derby.impl.jdbc.SQLExceptionFactory.getSQLException(Unknown Source)
	at org.apache.derby.impl.jdbc.SQLExceptionFactory.getSQLException(Unknown Source)
	at org.apache.derby.impl.jdbc.Util.generateCsSQLException(Unknown Source)
	at org.apache.derby.impl.jdbc.Util.generateCsSQLException(Unknown Source)
	at org.apache.derby.impl.jdbc.EmbedConnection.newSQLException(Unknown Source)
	at org.apache.derby.impl.jdbc.EmbedConnection.handleDBNotFound(Unknown Source)
	at org.apache.derby.impl.jdbc.EmbedConnection.<init>(Unknown Source)
	at org.apache.derby.jdbc.InternalDriver$1.run(Unknown Source)
	at org.apache.derby.jdbc.InternalDriver$1.run(Unknown Source)
	at java.security.AccessController.doPrivileged(Native Method)
	at org.apache.derby.jdbc.InternalDriver.getNewEmbedConnection(Unknown Source)
	at org.apache.derby.jdbc.InternalDriver.connect(Unknown Source)
	at org.apache.derby.jdbc.InternalDriver.connect(Unknown Source)
	at org.apache.derby.jdbc.AutoloadedDriver.connect(Unknown Source)
	at java.sql.DriverManager.getConnection(Unknown Source)
	at java.sql.DriverManager.getConnection(Unknown Source)
	at catalogue_object.Catalogue.close(Catalogue.java:243)
	at ui_main_menu.FileMenu.closeCatalogue(FileMenu.java:567)
	at ui_main_menu.FileMenu.access$4(FileMenu.java:562)
	at ui_main_menu.FileMenu$6.widgetSelected(FileMenu.java:399)
	at org.eclipse.swt.widgets.TypedListener.handleEvent(Unknown Source)
	at org.eclipse.swt.widgets.EventTable.sendEvent(Unknown Source)
	at org.eclipse.swt.widgets.Widget.sendEvent(Unknown Source)
	at org.eclipse.swt.widgets.Display.runDeferredEvents(Unknown Source)
	at org.eclipse.swt.widgets.Display.readAndDispatch(Unknown Source)
	at ui_main_panel.CatalogueBrowserMain.main(CatalogueBrowserMain.java:119)
============= end nested exception, level (1) ===========
Cleanup action completed
Tue May 16 11:53:24 CEST 2017 Thread[main,5,main] Cleanup action starting
java.sql.SQLException: Database 'null' not found.
	at org.apache.derby.impl.jdbc.SQLExceptionFactory.getSQLException(Unknown Source)
	at org.apache.derby.impl.jdbc.SQLExceptionFactory.getSQLException(Unknown Source)
	at org.apache.derby.impl.jdbc.Util.generateCsSQLException(Unknown Source)
	at org.apache.derby.impl.jdbc.Util.generateCsSQLException(Unknown Source)
	at org.apache.derby.impl.jdbc.EmbedConnection.newSQLException(Unknown Source)
	at org.apache.derby.impl.jdbc.EmbedConnection.handleDBNotFound(Unknown Source)
	at org.apache.derby.impl.jdbc.EmbedConnection.<init>(Unknown Source)
	at org.apache.derby.jdbc.InternalDriver$1.run(Unknown Source)
	at org.apache.derby.jdbc.InternalDriver$1.run(Unknown Source)
	at java.security.AccessController.doPrivileged(Native Method)
	at org.apache.derby.jdbc.InternalDriver.getNewEmbedConnection(Unknown Source)
	at org.apache.derby.jdbc.InternalDriver.connect(Unknown Source)
	at org.apache.derby.jdbc.InternalDriver.connect(Unknown Source)
	at org.apache.derby.jdbc.AutoloadedDriver.connect(Unknown Source)
	at java.sql.DriverManager.getConnection(Unknown Source)
	at java.sql.DriverManager.getConnection(Unknown Source)
	at catalogue_object.Catalogue.getConnection(Catalogue.java:1410)
	at user_preferences.CataloguePreferenceDAO.getConnection(CataloguePreferenceDAO.java:109)
	at user_preferences.PreferenceDAO.getPreference(PreferenceDAO.java:84)
	at user_preferences.PreferenceDAO.getPreferenceIntValue(PreferenceDAO.java:42)
	at ui_search_bar.SearchBar.getMinSearchChar(SearchBar.java:246)
	at ui_search_bar.SearchBar.canSearch(SearchBar.java:257)
	at ui_search_bar.SearchBar.access$2(SearchBar.java:256)
	at ui_search_bar.SearchBar$1.modifyText(SearchBar.java:292)
	at org.eclipse.swt.widgets.TypedListener.handleEvent(Unknown Source)
	at org.eclipse.swt.widgets.EventTable.sendEvent(Unknown Source)
	at org.eclipse.swt.widgets.Widget.sendEvent(Unknown Source)
	at org.eclipse.swt.widgets.Widget.sendEvent(Unknown Source)
	at org.eclipse.swt.widgets.Widget.sendEvent(Unknown Source)
	at org.eclipse.swt.widgets.Text.wmCommandChild(Unknown Source)
	at org.eclipse.swt.widgets.Control.WM_COMMAND(Unknown Source)
	at org.eclipse.swt.widgets.Control.windowProc(Unknown Source)
	at org.eclipse.swt.widgets.Display.windowProc(Unknown Source)
	at org.eclipse.swt.internal.win32.OS.CallWindowProcW(Native Method)
	at org.eclipse.swt.internal.win32.OS.CallWindowProc(Unknown Source)
	at org.eclipse.swt.widgets.Text.callWindowProc(Unknown Source)
	at org.eclipse.swt.widgets.Control.windowProc(Unknown Source)
	at org.eclipse.swt.widgets.Text.windowProc(Unknown Source)
	at org.eclipse.swt.widgets.Display.windowProc(Unknown Source)
	at org.eclipse.swt.internal.win32.OS.SetWindowTextW(Native Method)
	at org.eclipse.swt.internal.win32.OS.SetWindowText(Unknown Source)
	at org.eclipse.swt.widgets.Text.setText(Unknown Source)
	at ui_search_bar.SearchBar.setEnabled(SearchBar.java:98)
	at ui_search_bar.SearchPanel.setEnabled(SearchPanel.java:194)
	at ui_main_panel.MainPanel.removeData(MainPanel.java:282)
	at ui_main_panel.MainPanel.access$6(MainPanel.java:267)
	at ui_main_panel.MainPanel$8.handleEvent(MainPanel.java:417)
	at ui_main_menu.FileMenu.closeCatalogue(FileMenu.java:572)
	at ui_main_menu.FileMenu.access$4(FileMenu.java:562)
	at ui_main_menu.FileMenu$6.widgetSelected(FileMenu.java:399)
	at org.eclipse.swt.widgets.TypedListener.handleEvent(Unknown Source)
	at org.eclipse.swt.widgets.EventTable.sendEvent(Unknown Source)
	at org.eclipse.swt.widgets.Widget.sendEvent(Unknown Source)
	at org.eclipse.swt.widgets.Display.runDeferredEvents(Unknown Source)
	at org.eclipse.swt.widgets.Display.readAndDispatch(Unknown Source)
	at ui_main_panel.CatalogueBrowserMain.main(CatalogueBrowserMain.java:119)
Caused by: ERROR XJ004: Database 'null' not found.
	at org.apache.derby.iapi.error.StandardException.newException(Unknown Source)
	at org.apache.derby.impl.jdbc.SQLExceptionFactory.wrapArgsForTransportAcrossDRDA(Unknown Source)
	... 56 more
============= begin nested exception, level (1) ===========
ERROR XJ004: Database 'null' not found.
	at org.apache.derby.iapi.error.StandardException.newException(Unknown Source)
	at org.apache.derby.impl.jdbc.SQLExceptionFactory.wrapArgsForTransportAcrossDRDA(Unknown Source)
	at org.apache.derby.impl.jdbc.SQLExceptionFactory.getSQLException(Unknown Source)
	at org.apache.derby.impl.jdbc.SQLExceptionFactory.getSQLException(Unknown Source)
	at org.apache.derby.impl.jdbc.Util.generateCsSQLException(Unknown Source)
	at org.apache.derby.impl.jdbc.Util.generateCsSQLException(Unknown Source)
	at org.apache.derby.impl.jdbc.EmbedConnection.newSQLException(Unknown Source)
	at org.apache.derby.impl.jdbc.EmbedConnection.handleDBNotFound(Unknown Source)
	at org.apache.derby.impl.jdbc.EmbedConnection.<init>(Unknown Source)
	at org.apache.derby.jdbc.InternalDriver$1.run(Unknown Source)
	at org.apache.derby.jdbc.InternalDriver$1.run(Unknown Source)
	at java.security.AccessController.doPrivileged(Native Method)
	at org.apache.derby.jdbc.InternalDriver.getNewEmbedConnection(Unknown Source)
	at org.apache.derby.jdbc.InternalDriver.connect(Unknown Source)
	at org.apache.derby.jdbc.InternalDriver.connect(Unknown Source)
	at org.apache.derby.jdbc.AutoloadedDriver.connect(Unknown Source)
	at java.sql.DriverManager.getConnection(Unknown Source)
	at java.sql.DriverManager.getConnection(Unknown Source)
	at catalogue_object.Catalogue.getConnection(Catalogue.java:1410)
	at user_preferences.CataloguePreferenceDAO.getConnection(CataloguePreferenceDAO.java:109)
	at user_preferences.PreferenceDAO.getPreference(PreferenceDAO.java:84)
	at user_preferences.PreferenceDAO.getPreferenceIntValue(PreferenceDAO.java:42)
	at ui_search_bar.SearchBar.getMinSearchChar(SearchBar.java:246)
	at ui_search_bar.SearchBar.canSearch(SearchBar.java:257)
	at ui_search_bar.SearchBar.access$2(SearchBar.java:256)
	at ui_search_bar.SearchBar$1.modifyText(SearchBar.java:292)
	at org.eclipse.swt.widgets.TypedListener.handleEvent(Unknown Source)
	at org.eclipse.swt.widgets.EventTable.sendEvent(Unknown Source)
	at org.eclipse.swt.widgets.Widget.sendEvent(Unknown Source)
	at org.eclipse.swt.widgets.Widget.sendEvent(Unknown Source)
	at org.eclipse.swt.widgets.Widget.sendEvent(Unknown Source)
	at org.eclipse.swt.widgets.Text.wmCommandChild(Unknown Source)
	at org.eclipse.swt.widgets.Control.WM_COMMAND(Unknown Source)
	at org.eclipse.swt.widgets.Control.windowProc(Unknown Source)
	at org.eclipse.swt.widgets.Display.windowProc(Unknown Source)
	at org.eclipse.swt.internal.win32.OS.CallWindowProcW(Native Method)
	at org.eclipse.swt.internal.win32.OS.CallWindowProc(Unknown Source)
	at org.eclipse.swt.widgets.Text.callWindowProc(Unknown Source)
	at org.eclipse.swt.widgets.Control.windowProc(Unknown Source)
	at org.eclipse.swt.widgets.Text.windowProc(Unknown Source)
	at org.eclipse.swt.widgets.Display.windowProc(Unknown Source)
	at org.eclipse.swt.internal.win32.OS.SetWindowTextW(Native Method)
	at org.eclipse.swt.internal.win32.OS.SetWindowText(Unknown Source)
	at org.eclipse.swt.widgets.Text.setText(Unknown Source)
	at ui_search_bar.SearchBar.setEnabled(SearchBar.java:98)
	at ui_search_bar.SearchPanel.setEnabled(SearchPanel.java:194)
	at ui_main_panel.MainPanel.removeData(MainPanel.java:282)
	at ui_main_panel.MainPanel.access$6(MainPanel.java:267)
	at ui_main_panel.MainPanel$8.handleEvent(MainPanel.java:417)
	at ui_main_menu.FileMenu.closeCatalogue(FileMenu.java:572)
	at ui_main_menu.FileMenu.access$4(FileMenu.java:562)
	at ui_main_menu.FileMenu$6.widgetSelected(FileMenu.java:399)
	at org.eclipse.swt.widgets.TypedListener.handleEvent(Unknown Source)
	at org.eclipse.swt.widgets.EventTable.sendEvent(Unknown Source)
	at org.eclipse.swt.widgets.Widget.sendEvent(Unknown Source)
	at org.eclipse.swt.widgets.Display.runDeferredEvents(Unknown Source)
	at org.eclipse.swt.widgets.Display.readAndDispatch(Unknown Source)
	at ui_main_panel.CatalogueBrowserMain.main(CatalogueBrowserMain.java:119)
============= end nested exception, level (1) ===========
Cleanup action completed
Tue May 16 11:53:24 CEST 2017 Thread[main,5,main] Cleanup action starting
java.sql.SQLException: Database 'null' not found.
	at org.apache.derby.impl.jdbc.SQLExceptionFactory.getSQLException(Unknown Source)
	at org.apache.derby.impl.jdbc.SQLExceptionFactory.getSQLException(Unknown Source)
	at org.apache.derby.impl.jdbc.Util.generateCsSQLException(Unknown Source)
	at org.apache.derby.impl.jdbc.Util.generateCsSQLException(Unknown Source)
	at org.apache.derby.impl.jdbc.EmbedConnection.newSQLException(Unknown Source)
	at org.apache.derby.impl.jdbc.EmbedConnection.handleDBNotFound(Unknown Source)
	at org.apache.derby.impl.jdbc.EmbedConnection.<init>(Unknown Source)
	at org.apache.derby.jdbc.InternalDriver$1.run(Unknown Source)
	at org.apache.derby.jdbc.InternalDriver$1.run(Unknown Source)
	at java.security.AccessController.doPrivileged(Native Method)
	at org.apache.derby.jdbc.InternalDriver.getNewEmbedConnection(Unknown Source)
	at org.apache.derby.jdbc.InternalDriver.connect(Unknown Source)
	at org.apache.derby.jdbc.InternalDriver.connect(Unknown Source)
	at org.apache.derby.jdbc.AutoloadedDriver.connect(Unknown Source)
	at java.sql.DriverManager.getConnection(Unknown Source)
	at java.sql.DriverManager.getConnection(Unknown Source)
	at catalogue_object.Catalogue.getConnection(Catalogue.java:1410)
	at user_preferences.CataloguePreferenceDAO.getConnection(CataloguePreferenceDAO.java:109)
	at user_preferences.PreferenceDAO.getPreference(PreferenceDAO.java:84)
	at user_preferences.PreferenceDAO.getPreferenceIntValue(PreferenceDAO.java:42)
	at ui_search_bar.SearchBar.getMinSearchChar(SearchBar.java:246)
	at ui_search_bar.SearchBar.canSearch(SearchBar.java:257)
	at ui_search_bar.SearchBar.access$2(SearchBar.java:256)
	at ui_search_bar.SearchBar$1.modifyText(SearchBar.java:292)
	at org.eclipse.swt.widgets.TypedListener.handleEvent(Unknown Source)
	at org.eclipse.swt.widgets.EventTable.sendEvent(Unknown Source)
	at org.eclipse.swt.widgets.Widget.sendEvent(Unknown Source)
	at org.eclipse.swt.widgets.Widget.sendEvent(Unknown Source)
	at org.eclipse.swt.widgets.Widget.sendEvent(Unknown Source)
	at org.eclipse.swt.widgets.Text.wmCommandChild(Unknown Source)
	at org.eclipse.swt.widgets.Control.WM_COMMAND(Unknown Source)
	at org.eclipse.swt.widgets.Control.windowProc(Unknown Source)
	at org.eclipse.swt.widgets.Display.windowProc(Unknown Source)
	at org.eclipse.swt.internal.win32.OS.CallWindowProcW(Native Method)
	at org.eclipse.swt.internal.win32.OS.CallWindowProc(Unknown Source)
	at org.eclipse.swt.widgets.Text.callWindowProc(Unknown Source)
	at org.eclipse.swt.widgets.Control.windowProc(Unknown Source)
	at org.eclipse.swt.widgets.Text.windowProc(Unknown Source)
	at org.eclipse.swt.widgets.Display.windowProc(Unknown Source)
	at org.eclipse.swt.internal.win32.OS.SetWindowTextW(Native Method)
	at org.eclipse.swt.internal.win32.OS.SetWindowText(Unknown Source)
	at org.eclipse.swt.widgets.Text.setText(Unknown Source)
	at ui_search_bar.SearchBar.setEnabled(SearchBar.java:98)
	at ui_search_bar.SearchPanel.setEnabled(SearchPanel.java:194)
	at ui_main_panel.MainPanel.enableUI(MainPanel.java:213)
	at ui_main_panel.MainPanel.access$4(MainPanel.java:207)
	at ui_main_panel.MainPanel$8.handleEvent(MainPanel.java:418)
	at ui_main_menu.FileMenu.closeCatalogue(FileMenu.java:572)
	at ui_main_menu.FileMenu.access$4(FileMenu.java:562)
	at ui_main_menu.FileMenu$6.widgetSelected(FileMenu.java:399)
	at org.eclipse.swt.widgets.TypedListener.handleEvent(Unknown Source)
	at org.eclipse.swt.widgets.EventTable.sendEvent(Unknown Source)
	at org.eclipse.swt.widgets.Widget.sendEvent(Unknown Source)
	at org.eclipse.swt.widgets.Display.runDeferredEvents(Unknown Source)
	at org.eclipse.swt.widgets.Display.readAndDispatch(Unknown Source)
	at ui_main_panel.CatalogueBrowserMain.main(CatalogueBrowserMain.java:119)
Caused by: ERROR XJ004: Database 'null' not found.
	at org.apache.derby.iapi.error.StandardException.newException(Unknown Source)
	at org.apache.derby.impl.jdbc.SQLExceptionFactory.wrapArgsForTransportAcrossDRDA(Unknown Source)
	... 56 more
============= begin nested exception, level (1) ===========
ERROR XJ004: Database 'null' not found.
	at org.apache.derby.iapi.error.StandardException.newException(Unknown Source)
	at org.apache.derby.impl.jdbc.SQLExceptionFactory.wrapArgsForTransportAcrossDRDA(Unknown Source)
	at org.apache.derby.impl.jdbc.SQLExceptionFactory.getSQLException(Unknown Source)
	at org.apache.derby.impl.jdbc.SQLExceptionFactory.getSQLException(Unknown Source)
	at org.apache.derby.impl.jdbc.Util.generateCsSQLException(Unknown Source)
	at org.apache.derby.impl.jdbc.Util.generateCsSQLException(Unknown Source)
	at org.apache.derby.impl.jdbc.EmbedConnection.newSQLException(Unknown Source)
	at org.apache.derby.impl.jdbc.EmbedConnection.handleDBNotFound(Unknown Source)
	at org.apache.derby.impl.jdbc.EmbedConnection.<init>(Unknown Source)
	at org.apache.derby.jdbc.InternalDriver$1.run(Unknown Source)
	at org.apache.derby.jdbc.InternalDriver$1.run(Unknown Source)
	at java.security.AccessController.doPrivileged(Native Method)
	at org.apache.derby.jdbc.InternalDriver.getNewEmbedConnection(Unknown Source)
	at org.apache.derby.jdbc.InternalDriver.connect(Unknown Source)
	at org.apache.derby.jdbc.InternalDriver.connect(Unknown Source)
	at org.apache.derby.jdbc.AutoloadedDriver.connect(Unknown Source)
	at java.sql.DriverManager.getConnection(Unknown Source)
	at java.sql.DriverManager.getConnection(Unknown Source)
	at catalogue_object.Catalogue.getConnection(Catalogue.java:1410)
	at user_preferences.CataloguePreferenceDAO.getConnection(CataloguePreferenceDAO.java:109)
	at user_preferences.PreferenceDAO.getPreference(PreferenceDAO.java:84)
	at user_preferences.PreferenceDAO.getPreferenceIntValue(PreferenceDAO.java:42)
	at ui_search_bar.SearchBar.getMinSearchChar(SearchBar.java:246)
	at ui_search_bar.SearchBar.canSearch(SearchBar.java:257)
	at ui_search_bar.SearchBar.access$2(SearchBar.java:256)
	at ui_search_bar.SearchBar$1.modifyText(SearchBar.java:292)
	at org.eclipse.swt.widgets.TypedListener.handleEvent(Unknown Source)
	at org.eclipse.swt.widgets.EventTable.sendEvent(Unknown Source)
	at org.eclipse.swt.widgets.Widget.sendEvent(Unknown Source)
	at org.eclipse.swt.widgets.Widget.sendEvent(Unknown Source)
	at org.eclipse.swt.widgets.Widget.sendEvent(Unknown Source)
	at org.eclipse.swt.widgets.Text.wmCommandChild(Unknown Source)
	at org.eclipse.swt.widgets.Control.WM_COMMAND(Unknown Source)
	at org.eclipse.swt.widgets.Control.windowProc(Unknown Source)
	at org.eclipse.swt.widgets.Display.windowProc(Unknown Source)
	at org.eclipse.swt.internal.win32.OS.CallWindowProcW(Native Method)
	at org.eclipse.swt.internal.win32.OS.CallWindowProc(Unknown Source)
	at org.eclipse.swt.widgets.Text.callWindowProc(Unknown Source)
	at org.eclipse.swt.widgets.Control.windowProc(Unknown Source)
	at org.eclipse.swt.widgets.Text.windowProc(Unknown Source)
	at org.eclipse.swt.widgets.Display.windowProc(Unknown Source)
	at org.eclipse.swt.internal.win32.OS.SetWindowTextW(Native Method)
	at org.eclipse.swt.internal.win32.OS.SetWindowText(Unknown Source)
	at org.eclipse.swt.widgets.Text.setText(Unknown Source)
	at ui_search_bar.SearchBar.setEnabled(SearchBar.java:98)
	at ui_search_bar.SearchPanel.setEnabled(SearchPanel.java:194)
	at ui_main_panel.MainPanel.enableUI(MainPanel.java:213)
	at ui_main_panel.MainPanel.access$4(MainPanel.java:207)
	at ui_main_panel.MainPanel$8.handleEvent(MainPanel.java:418)
	at ui_main_menu.FileMenu.closeCatalogue(FileMenu.java:572)
	at ui_main_menu.FileMenu.access$4(FileMenu.java:562)
	at ui_main_menu.FileMenu$6.widgetSelected(FileMenu.java:399)
	at org.eclipse.swt.widgets.TypedListener.handleEvent(Unknown Source)
	at org.eclipse.swt.widgets.EventTable.sendEvent(Unknown Source)
	at org.eclipse.swt.widgets.Widget.sendEvent(Unknown Source)
	at org.eclipse.swt.widgets.Display.runDeferredEvents(Unknown Source)
	at org.eclipse.swt.widgets.Display.readAndDispatch(Unknown Source)
	at ui_main_panel.CatalogueBrowserMain.main(CatalogueBrowserMain.java:119)
============= end nested exception, level (1) ===========
Cleanup action completed
----------------------------------------------------------------
Tue May 16 11:56:07 CEST 2017:
Shutting down instance a816c00e-015c-10ac-14e9-000006d57ec0 on database directory C:\Users\avonva\Desktop\CatalogueBrowser\CatalogueBrowser\Database\CataloguesMetadata with class loader sun.misc.Launcher$AppClassLoader@73d16e93 
