2019-10-10 14:21:52,905 ERROR d.DetailLevelDAO [main] DB error
java.sql.SQLException: Database 'database\MAIN_CATS_DB' not found.
	at org.apache.derby.impl.jdbc.SQLExceptionFactory.getSQLException(Unknown Source) ~[derby-10.14.2.0.jar:?]
	at org.apache.derby.impl.jdbc.SQLExceptionFactory.getSQLException(Unknown Source) ~[derby-10.14.2.0.jar:?]
	at org.apache.derby.impl.jdbc.Util.generateCsSQLException(Unknown Source) ~[derby-10.14.2.0.jar:?]
	at org.apache.derby.impl.jdbc.Util.generateCsSQLException(Unknown Source) ~[derby-10.14.2.0.jar:?]
	at org.apache.derby.impl.jdbc.EmbedConnection.newSQLException(Unknown Source) ~[derby-10.14.2.0.jar:?]
	at org.apache.derby.impl.jdbc.EmbedConnection.handleDBNotFound(Unknown Source) ~[derby-10.14.2.0.jar:?]
	at org.apache.derby.impl.jdbc.EmbedConnection.<init>(Unknown Source) ~[derby-10.14.2.0.jar:?]
	at org.apache.derby.jdbc.InternalDriver$1.run(Unknown Source) ~[derby-10.14.2.0.jar:?]
	at org.apache.derby.jdbc.InternalDriver$1.run(Unknown Source) ~[derby-10.14.2.0.jar:?]
	at java.security.AccessController.doPrivileged(Native Method) ~[?:1.8.0_191]
	at org.apache.derby.jdbc.InternalDriver.getNewEmbedConnection(Unknown Source) ~[derby-10.14.2.0.jar:?]
	at org.apache.derby.jdbc.InternalDriver.connect(Unknown Source) ~[derby-10.14.2.0.jar:?]
	at org.apache.derby.jdbc.InternalDriver.connect(Unknown Source) ~[derby-10.14.2.0.jar:?]
	at org.apache.derby.jdbc.AutoloadedDriver.connect(Unknown Source) ~[derby-10.14.2.0.jar:?]
	at java.sql.DriverManager.getConnection(DriverManager.java:664) ~[?:1.8.0_191]
	at java.sql.DriverManager.getConnection(DriverManager.java:270) ~[?:1.8.0_191]
	at catalogue_browser_dao.DatabaseManager.getMainDBConnection(DatabaseManager.java:115) ~[classes/:?]
	at detail_level.DetailLevelDAO.getAll(DetailLevelDAO.java:56) [classes/:?]
	at term.LabelProviderTerm.<init>(LabelProviderTerm.java:64) [classes/:?]
	at ui_search_bar.TermTable.<init>(TermTable.java:55) [classes/:?]
	at ui_search_bar.SearchPanel.<init>(SearchPanel.java:63) [classes/:?]
	at ui_main_panel.MainPanel.addSearchPanel(MainPanel.java:1019) [classes/:?]
	at ui_main_panel.MainPanel.addWidgets(MainPanel.java:747) [classes/:?]
	at ui_main_panel.MainPanel.initGraphics(MainPanel.java:368) [classes/:?]
	at dcf_pending_request.MainPanelTest.init(MainPanelTest.java:38) [classes/:?]
	at sun.reflect.NativeMethodAccessorImpl.invoke0(Native Method) ~[?:1.8.0_191]
	at sun.reflect.NativeMethodAccessorImpl.invoke(NativeMethodAccessorImpl.java:62) ~[?:1.8.0_191]
	at sun.reflect.DelegatingMethodAccessorImpl.invoke(DelegatingMethodAccessorImpl.java:43) ~[?:1.8.0_191]
	at java.lang.reflect.Method.invoke(Method.java:498) ~[?:1.8.0_191]
	at org.junit.runners.model.FrameworkMethod$1.runReflectiveCall(FrameworkMethod.java:59) [junit-4.13-beta-3.jar:4.13-beta-3]
	at org.junit.internal.runners.model.ReflectiveCallable.run(ReflectiveCallable.java:12) [junit-4.13-beta-3.jar:4.13-beta-3]
	at org.junit.runners.model.FrameworkMethod.invokeExplosively(FrameworkMethod.java:56) [junit-4.13-beta-3.jar:4.13-beta-3]
	at org.junit.internal.runners.statements.RunBefores.invokeMethod(RunBefores.java:33) [junit-4.13-beta-3.jar:4.13-beta-3]
	at org.junit.internal.runners.statements.RunBefores.evaluate(RunBefores.java:24) [junit-4.13-beta-3.jar:4.13-beta-3]
	at org.junit.runners.ParentRunner$3.evaluate(ParentRunner.java:305) [junit-4.13-beta-3.jar:4.13-beta-3]
	at org.junit.runners.BlockJUnit4ClassRunner$1.evaluate(BlockJUnit4ClassRunner.java:100) [junit-4.13-beta-3.jar:4.13-beta-3]
	at org.junit.runners.ParentRunner.runLeaf(ParentRunner.java:365) [junit-4.13-beta-3.jar:4.13-beta-3]
	at org.junit.runners.BlockJUnit4ClassRunner.runChild(BlockJUnit4ClassRunner.java:103) [junit-4.13-beta-3.jar:4.13-beta-3]
	at org.junit.runners.BlockJUnit4ClassRunner.runChild(BlockJUnit4ClassRunner.java:63) [junit-4.13-beta-3.jar:4.13-beta-3]
	at org.junit.runners.ParentRunner$4.run(ParentRunner.java:330) [junit-4.13-beta-3.jar:4.13-beta-3]
	at org.junit.runners.ParentRunner$1.schedule(ParentRunner.java:78) [junit-4.13-beta-3.jar:4.13-beta-3]
	at org.junit.runners.ParentRunner.runChildren(ParentRunner.java:328) [junit-4.13-beta-3.jar:4.13-beta-3]
	at org.junit.runners.ParentRunner.access$100(ParentRunner.java:65) [junit-4.13-beta-3.jar:4.13-beta-3]
	at org.junit.runners.ParentRunner$2.evaluate(ParentRunner.java:292) [junit-4.13-beta-3.jar:4.13-beta-3]
	at org.junit.runners.ParentRunner$3.evaluate(ParentRunner.java:305) [junit-4.13-beta-3.jar:4.13-beta-3]
	at org.junit.runners.ParentRunner.run(ParentRunner.java:412) [junit-4.13-beta-3.jar:4.13-beta-3]
	at org.eclipse.jdt.internal.junit4.runner.JUnit4TestReference.run(JUnit4TestReference.java:89) [.cp/:?]
	at org.eclipse.jdt.internal.junit.runner.TestExecution.run(TestExecution.java:41) [.cp/:?]
	at org.eclipse.jdt.internal.junit.runner.RemoteTestRunner.runTests(RemoteTestRunner.java:541) [.cp/:?]
	at org.eclipse.jdt.internal.junit.runner.RemoteTestRunner.runTests(RemoteTestRunner.java:763) [.cp/:?]
	at org.eclipse.jdt.internal.junit.runner.RemoteTestRunner.run(RemoteTestRunner.java:463) [.cp/:?]
	at org.eclipse.jdt.internal.junit.runner.RemoteTestRunner.main(RemoteTestRunner.java:209) [.cp/:?]
Caused by: org.apache.derby.iapi.error.StandardException: Database 'database\MAIN_CATS_DB' not found.
	at org.apache.derby.iapi.error.StandardException.newException(Unknown Source) ~[derby-10.14.2.0.jar:?]
	at org.apache.derby.impl.jdbc.SQLExceptionFactory.wrapArgsForTransportAcrossDRDA(Unknown Source) ~[derby-10.14.2.0.jar:?]
	... 52 more
2019-10-10 14:21:53,274 ERROR d.DetailLevelDAO [main] DB error
java.sql.SQLException: Database 'database\MAIN_CATS_DB' not found.
	at org.apache.derby.impl.jdbc.SQLExceptionFactory.getSQLException(Unknown Source) ~[derby-10.14.2.0.jar:?]
	at org.apache.derby.impl.jdbc.SQLExceptionFactory.getSQLException(Unknown Source) ~[derby-10.14.2.0.jar:?]
	at org.apache.derby.impl.jdbc.Util.generateCsSQLException(Unknown Source) ~[derby-10.14.2.0.jar:?]
	at org.apache.derby.impl.jdbc.Util.generateCsSQLException(Unknown Source) ~[derby-10.14.2.0.jar:?]
	at org.apache.derby.impl.jdbc.EmbedConnection.newSQLException(Unknown Source) ~[derby-10.14.2.0.jar:?]
	at org.apache.derby.impl.jdbc.EmbedConnection.handleDBNotFound(Unknown Source) ~[derby-10.14.2.0.jar:?]
	at org.apache.derby.impl.jdbc.EmbedConnection.<init>(Unknown Source) ~[derby-10.14.2.0.jar:?]
	at org.apache.derby.jdbc.InternalDriver$1.run(Unknown Source) ~[derby-10.14.2.0.jar:?]
	at org.apache.derby.jdbc.InternalDriver$1.run(Unknown Source) ~[derby-10.14.2.0.jar:?]
	at java.security.AccessController.doPrivileged(Native Method) ~[?:1.8.0_191]
	at org.apache.derby.jdbc.InternalDriver.getNewEmbedConnection(Unknown Source) ~[derby-10.14.2.0.jar:?]
	at org.apache.derby.jdbc.InternalDriver.connect(Unknown Source) ~[derby-10.14.2.0.jar:?]
	at org.apache.derby.jdbc.InternalDriver.connect(Unknown Source) ~[derby-10.14.2.0.jar:?]
	at org.apache.derby.jdbc.AutoloadedDriver.connect(Unknown Source) ~[derby-10.14.2.0.jar:?]
	at java.sql.DriverManager.getConnection(DriverManager.java:664) ~[?:1.8.0_191]
	at java.sql.DriverManager.getConnection(DriverManager.java:270) ~[?:1.8.0_191]
	at catalogue_browser_dao.DatabaseManager.getMainDBConnection(DatabaseManager.java:115) ~[classes/:?]
	at detail_level.DetailLevelDAO.getAll(DetailLevelDAO.java:56) [classes/:?]
	at term.LabelProviderTerm.<init>(LabelProviderTerm.java:64) [classes/:?]
	at ui_main_panel.MultiTermsTreeViewer.<init>(MultiTermsTreeViewer.java:83) [classes/:?]
	at ui_main_panel.TermsTreePanel.createTreeViewer(TermsTreePanel.java:329) [classes/:?]
	at ui_main_panel.TermsTreePanel.<init>(TermsTreePanel.java:111) [classes/:?]
	at ui_main_panel.MainPanel.addRightSashForm(MainPanel.java:1153) [classes/:?]
	at ui_main_panel.MainPanel.addWidgets(MainPanel.java:758) [classes/:?]
	at ui_main_panel.MainPanel.initGraphics(MainPanel.java:368) [classes/:?]
	at dcf_pending_request.MainPanelTest.init(MainPanelTest.java:38) [classes/:?]
	at sun.reflect.NativeMethodAccessorImpl.invoke0(Native Method) ~[?:1.8.0_191]
	at sun.reflect.NativeMethodAccessorImpl.invoke(NativeMethodAccessorImpl.java:62) ~[?:1.8.0_191]
	at sun.reflect.DelegatingMethodAccessorImpl.invoke(DelegatingMethodAccessorImpl.java:43) ~[?:1.8.0_191]
	at java.lang.reflect.Method.invoke(Method.java:498) ~[?:1.8.0_191]
	at org.junit.runners.model.FrameworkMethod$1.runReflectiveCall(FrameworkMethod.java:59) [junit-4.13-beta-3.jar:4.13-beta-3]
	at org.junit.internal.runners.model.ReflectiveCallable.run(ReflectiveCallable.java:12) [junit-4.13-beta-3.jar:4.13-beta-3]
	at org.junit.runners.model.FrameworkMethod.invokeExplosively(FrameworkMethod.java:56) [junit-4.13-beta-3.jar:4.13-beta-3]
	at org.junit.internal.runners.statements.RunBefores.invokeMethod(RunBefores.java:33) [junit-4.13-beta-3.jar:4.13-beta-3]
	at org.junit.internal.runners.statements.RunBefores.evaluate(RunBefores.java:24) [junit-4.13-beta-3.jar:4.13-beta-3]
	at org.junit.runners.ParentRunner$3.evaluate(ParentRunner.java:305) [junit-4.13-beta-3.jar:4.13-beta-3]
	at org.junit.runners.BlockJUnit4ClassRunner$1.evaluate(BlockJUnit4ClassRunner.java:100) [junit-4.13-beta-3.jar:4.13-beta-3]
	at org.junit.runners.ParentRunner.runLeaf(ParentRunner.java:365) [junit-4.13-beta-3.jar:4.13-beta-3]
	at org.junit.runners.BlockJUnit4ClassRunner.runChild(BlockJUnit4ClassRunner.java:103) [junit-4.13-beta-3.jar:4.13-beta-3]
	at org.junit.runners.BlockJUnit4ClassRunner.runChild(BlockJUnit4ClassRunner.java:63) [junit-4.13-beta-3.jar:4.13-beta-3]
	at org.junit.runners.ParentRunner$4.run(ParentRunner.java:330) [junit-4.13-beta-3.jar:4.13-beta-3]
	at org.junit.runners.ParentRunner$1.schedule(ParentRunner.java:78) [junit-4.13-beta-3.jar:4.13-beta-3]
	at org.junit.runners.ParentRunner.runChildren(ParentRunner.java:328) [junit-4.13-beta-3.jar:4.13-beta-3]
	at org.junit.runners.ParentRunner.access$100(ParentRunner.java:65) [junit-4.13-beta-3.jar:4.13-beta-3]
	at org.junit.runners.ParentRunner$2.evaluate(ParentRunner.java:292) [junit-4.13-beta-3.jar:4.13-beta-3]
	at org.junit.runners.ParentRunner$3.evaluate(ParentRunner.java:305) [junit-4.13-beta-3.jar:4.13-beta-3]
	at org.junit.runners.ParentRunner.run(ParentRunner.java:412) [junit-4.13-beta-3.jar:4.13-beta-3]
	at org.eclipse.jdt.internal.junit4.runner.JUnit4TestReference.run(JUnit4TestReference.java:89) [.cp/:?]
	at org.eclipse.jdt.internal.junit.runner.TestExecution.run(TestExecution.java:41) [.cp/:?]
	at org.eclipse.jdt.internal.junit.runner.RemoteTestRunner.runTests(RemoteTestRunner.java:541) [.cp/:?]
	at org.eclipse.jdt.internal.junit.runner.RemoteTestRunner.runTests(RemoteTestRunner.java:763) [.cp/:?]
	at org.eclipse.jdt.internal.junit.runner.RemoteTestRunner.run(RemoteTestRunner.java:463) [.cp/:?]
	at org.eclipse.jdt.internal.junit.runner.RemoteTestRunner.main(RemoteTestRunner.java:209) [.cp/:?]
Caused by: org.apache.derby.iapi.error.StandardException: Database 'database\MAIN_CATS_DB' not found.
	at org.apache.derby.iapi.error.StandardException.newException(Unknown Source) ~[derby-10.14.2.0.jar:?]
	at org.apache.derby.impl.jdbc.SQLExceptionFactory.wrapArgsForTransportAcrossDRDA(Unknown Source) ~[derby-10.14.2.0.jar:?]
	... 53 more
2019-10-10 14:21:53,499 ERROR d.DetailLevelDAO [main] DB error
java.sql.SQLException: Database 'database\MAIN_CATS_DB' not found.
	at org.apache.derby.impl.jdbc.SQLExceptionFactory.getSQLException(Unknown Source) ~[derby-10.14.2.0.jar:?]
	at org.apache.derby.impl.jdbc.SQLExceptionFactory.getSQLException(Unknown Source) ~[derby-10.14.2.0.jar:?]
	at org.apache.derby.impl.jdbc.Util.generateCsSQLException(Unknown Source) ~[derby-10.14.2.0.jar:?]
	at org.apache.derby.impl.jdbc.Util.generateCsSQLException(Unknown Source) ~[derby-10.14.2.0.jar:?]
	at org.apache.derby.impl.jdbc.EmbedConnection.newSQLException(Unknown Source) ~[derby-10.14.2.0.jar:?]
	at org.apache.derby.impl.jdbc.EmbedConnection.handleDBNotFound(Unknown Source) ~[derby-10.14.2.0.jar:?]
	at org.apache.derby.impl.jdbc.EmbedConnection.<init>(Unknown Source) ~[derby-10.14.2.0.jar:?]
	at org.apache.derby.jdbc.InternalDriver$1.run(Unknown Source) ~[derby-10.14.2.0.jar:?]
	at org.apache.derby.jdbc.InternalDriver$1.run(Unknown Source) ~[derby-10.14.2.0.jar:?]
	at java.security.AccessController.doPrivileged(Native Method) ~[?:1.8.0_191]
	at org.apache.derby.jdbc.InternalDriver.getNewEmbedConnection(Unknown Source) ~[derby-10.14.2.0.jar:?]
	at org.apache.derby.jdbc.InternalDriver.connect(Unknown Source) ~[derby-10.14.2.0.jar:?]
	at org.apache.derby.jdbc.InternalDriver.connect(Unknown Source) ~[derby-10.14.2.0.jar:?]
	at org.apache.derby.jdbc.AutoloadedDriver.connect(Unknown Source) ~[derby-10.14.2.0.jar:?]
	at java.sql.DriverManager.getConnection(DriverManager.java:664) ~[?:1.8.0_191]
	at java.sql.DriverManager.getConnection(DriverManager.java:270) ~[?:1.8.0_191]
	at catalogue_browser_dao.DatabaseManager.getMainDBConnection(DatabaseManager.java:115) ~[classes/:?]
	at detail_level.DetailLevelDAO.getAll(DetailLevelDAO.java:56) [classes/:?]
	at term.LabelProviderTerm.<init>(LabelProviderTerm.java:64) [classes/:?]
	at ui_implicit_facet.LabelProviderImplicitFacets.<init>(LabelProviderImplicitFacets.java:35) [classes/:?]
	at ui_implicit_facet.TreeImplicitFacets.<init>(TreeImplicitFacets.java:62) [classes/:?]
	at ui_implicit_facet.FrameTermImplicitFacets.<init>(FrameTermImplicitFacets.java:194) [classes/:?]
	at ui_main_panel.TermPropertiesPanel.addFacetTab(TermPropertiesPanel.java:185) [classes/:?]
	at ui_main_panel.TermPropertiesPanel.<init>(TermPropertiesPanel.java:72) [classes/:?]
	at ui_main_panel.MainPanel.addTabFolder(MainPanel.java:1172) [classes/:?]
	at ui_main_panel.MainPanel.addRightSashForm(MainPanel.java:1156) [classes/:?]
	at ui_main_panel.MainPanel.addWidgets(MainPanel.java:758) [classes/:?]
	at ui_main_panel.MainPanel.initGraphics(MainPanel.java:368) [classes/:?]
	at dcf_pending_request.MainPanelTest.init(MainPanelTest.java:38) [classes/:?]
	at sun.reflect.NativeMethodAccessorImpl.invoke0(Native Method) ~[?:1.8.0_191]
	at sun.reflect.NativeMethodAccessorImpl.invoke(NativeMethodAccessorImpl.java:62) ~[?:1.8.0_191]
	at sun.reflect.DelegatingMethodAccessorImpl.invoke(DelegatingMethodAccessorImpl.java:43) ~[?:1.8.0_191]
	at java.lang.reflect.Method.invoke(Method.java:498) ~[?:1.8.0_191]
	at org.junit.runners.model.FrameworkMethod$1.runReflectiveCall(FrameworkMethod.java:59) [junit-4.13-beta-3.jar:4.13-beta-3]
	at org.junit.internal.runners.model.ReflectiveCallable.run(ReflectiveCallable.java:12) [junit-4.13-beta-3.jar:4.13-beta-3]
	at org.junit.runners.model.FrameworkMethod.invokeExplosively(FrameworkMethod.java:56) [junit-4.13-beta-3.jar:4.13-beta-3]
	at org.junit.internal.runners.statements.RunBefores.invokeMethod(RunBefores.java:33) [junit-4.13-beta-3.jar:4.13-beta-3]
	at org.junit.internal.runners.statements.RunBefores.evaluate(RunBefores.java:24) [junit-4.13-beta-3.jar:4.13-beta-3]
	at org.junit.runners.ParentRunner$3.evaluate(ParentRunner.java:305) [junit-4.13-beta-3.jar:4.13-beta-3]
	at org.junit.runners.BlockJUnit4ClassRunner$1.evaluate(BlockJUnit4ClassRunner.java:100) [junit-4.13-beta-3.jar:4.13-beta-3]
	at org.junit.runners.ParentRunner.runLeaf(ParentRunner.java:365) [junit-4.13-beta-3.jar:4.13-beta-3]
	at org.junit.runners.BlockJUnit4ClassRunner.runChild(BlockJUnit4ClassRunner.java:103) [junit-4.13-beta-3.jar:4.13-beta-3]
	at org.junit.runners.BlockJUnit4ClassRunner.runChild(BlockJUnit4ClassRunner.java:63) [junit-4.13-beta-3.jar:4.13-beta-3]
	at org.junit.runners.ParentRunner$4.run(ParentRunner.java:330) [junit-4.13-beta-3.jar:4.13-beta-3]
	at org.junit.runners.ParentRunner$1.schedule(ParentRunner.java:78) [junit-4.13-beta-3.jar:4.13-beta-3]
	at org.junit.runners.ParentRunner.runChildren(ParentRunner.java:328) [junit-4.13-beta-3.jar:4.13-beta-3]
	at org.junit.runners.ParentRunner.access$100(ParentRunner.java:65) [junit-4.13-beta-3.jar:4.13-beta-3]
	at org.junit.runners.ParentRunner$2.evaluate(ParentRunner.java:292) [junit-4.13-beta-3.jar:4.13-beta-3]
	at org.junit.runners.ParentRunner$3.evaluate(ParentRunner.java:305) [junit-4.13-beta-3.jar:4.13-beta-3]
	at org.junit.runners.ParentRunner.run(ParentRunner.java:412) [junit-4.13-beta-3.jar:4.13-beta-3]
	at org.eclipse.jdt.internal.junit4.runner.JUnit4TestReference.run(JUnit4TestReference.java:89) [.cp/:?]
	at org.eclipse.jdt.internal.junit.runner.TestExecution.run(TestExecution.java:41) [.cp/:?]
	at org.eclipse.jdt.internal.junit.runner.RemoteTestRunner.runTests(RemoteTestRunner.java:541) [.cp/:?]
	at org.eclipse.jdt.internal.junit.runner.RemoteTestRunner.runTests(RemoteTestRunner.java:763) [.cp/:?]
	at org.eclipse.jdt.internal.junit.runner.RemoteTestRunner.run(RemoteTestRunner.java:463) [.cp/:?]
	at org.eclipse.jdt.internal.junit.runner.RemoteTestRunner.main(RemoteTestRunner.java:209) [.cp/:?]
Caused by: org.apache.derby.iapi.error.StandardException: Database 'database\MAIN_CATS_DB' not found.
	at org.apache.derby.iapi.error.StandardException.newException(Unknown Source) ~[derby-10.14.2.0.jar:?]
	at org.apache.derby.impl.jdbc.SQLExceptionFactory.wrapArgsForTransportAcrossDRDA(Unknown Source) ~[derby-10.14.2.0.jar:?]
	... 56 more
2019-10-10 14:21:53,598 ERROR d.DetailLevelDAO [main] DB error
java.sql.SQLException: Database 'database\MAIN_CATS_DB' not found.
	at org.apache.derby.impl.jdbc.SQLExceptionFactory.getSQLException(Unknown Source) ~[derby-10.14.2.0.jar:?]
	at org.apache.derby.impl.jdbc.SQLExceptionFactory.getSQLException(Unknown Source) ~[derby-10.14.2.0.jar:?]
	at org.apache.derby.impl.jdbc.Util.generateCsSQLException(Unknown Source) ~[derby-10.14.2.0.jar:?]
	at org.apache.derby.impl.jdbc.Util.generateCsSQLException(Unknown Source) ~[derby-10.14.2.0.jar:?]
	at org.apache.derby.impl.jdbc.EmbedConnection.newSQLException(Unknown Source) ~[derby-10.14.2.0.jar:?]
	at org.apache.derby.impl.jdbc.EmbedConnection.handleDBNotFound(Unknown Source) ~[derby-10.14.2.0.jar:?]
	at org.apache.derby.impl.jdbc.EmbedConnection.<init>(Unknown Source) ~[derby-10.14.2.0.jar:?]
	at org.apache.derby.jdbc.InternalDriver$1.run(Unknown Source) ~[derby-10.14.2.0.jar:?]
	at org.apache.derby.jdbc.InternalDriver$1.run(Unknown Source) ~[derby-10.14.2.0.jar:?]
	at java.security.AccessController.doPrivileged(Native Method) ~[?:1.8.0_191]
	at org.apache.derby.jdbc.InternalDriver.getNewEmbedConnection(Unknown Source) ~[derby-10.14.2.0.jar:?]
	at org.apache.derby.jdbc.InternalDriver.connect(Unknown Source) ~[derby-10.14.2.0.jar:?]
	at org.apache.derby.jdbc.InternalDriver.connect(Unknown Source) ~[derby-10.14.2.0.jar:?]
	at org.apache.derby.jdbc.AutoloadedDriver.connect(Unknown Source) ~[derby-10.14.2.0.jar:?]
	at java.sql.DriverManager.getConnection(DriverManager.java:664) ~[?:1.8.0_191]
	at java.sql.DriverManager.getConnection(DriverManager.java:270) ~[?:1.8.0_191]
	at catalogue_browser_dao.DatabaseManager.getMainDBConnection(DatabaseManager.java:115) ~[classes/:?]
	at detail_level.DetailLevelDAO.getAll(DetailLevelDAO.java:56) [classes/:?]
	at term.LabelProviderTerm.<init>(LabelProviderTerm.java:64) [classes/:?]
	at ui_term_applicability.TableApplicability$TermColumnLabelProvider.<init>(TableApplicability.java:236) [classes/:?]
	at ui_term_applicability.TableApplicability.<init>(TableApplicability.java:165) [classes/:?]
	at ui_term_applicability.FrameTermApplicabilities.<init>(FrameTermApplicabilities.java:62) [classes/:?]
	at ui_main_panel.TermPropertiesPanel.addApplicabilityTab(TermPropertiesPanel.java:118) [classes/:?]
	at ui_main_panel.TermPropertiesPanel.<init>(TermPropertiesPanel.java:73) [classes/:?]
	at ui_main_panel.MainPanel.addTabFolder(MainPanel.java:1172) [classes/:?]
	at ui_main_panel.MainPanel.addRightSashForm(MainPanel.java:1156) [classes/:?]
	at ui_main_panel.MainPanel.addWidgets(MainPanel.java:758) [classes/:?]
	at ui_main_panel.MainPanel.initGraphics(MainPanel.java:368) [classes/:?]
	at dcf_pending_request.MainPanelTest.init(MainPanelTest.java:38) [classes/:?]
	at sun.reflect.NativeMethodAccessorImpl.invoke0(Native Method) ~[?:1.8.0_191]
	at sun.reflect.NativeMethodAccessorImpl.invoke(NativeMethodAccessorImpl.java:62) ~[?:1.8.0_191]
	at sun.reflect.DelegatingMethodAccessorImpl.invoke(DelegatingMethodAccessorImpl.java:43) ~[?:1.8.0_191]
	at java.lang.reflect.Method.invoke(Method.java:498) ~[?:1.8.0_191]
	at org.junit.runners.model.FrameworkMethod$1.runReflectiveCall(FrameworkMethod.java:59) [junit-4.13-beta-3.jar:4.13-beta-3]
	at org.junit.internal.runners.model.ReflectiveCallable.run(ReflectiveCallable.java:12) [junit-4.13-beta-3.jar:4.13-beta-3]
	at org.junit.runners.model.FrameworkMethod.invokeExplosively(FrameworkMethod.java:56) [junit-4.13-beta-3.jar:4.13-beta-3]
	at org.junit.internal.runners.statements.RunBefores.invokeMethod(RunBefores.java:33) [junit-4.13-beta-3.jar:4.13-beta-3]
	at org.junit.internal.runners.statements.RunBefores.evaluate(RunBefores.java:24) [junit-4.13-beta-3.jar:4.13-beta-3]
	at org.junit.runners.ParentRunner$3.evaluate(ParentRunner.java:305) [junit-4.13-beta-3.jar:4.13-beta-3]
	at org.junit.runners.BlockJUnit4ClassRunner$1.evaluate(BlockJUnit4ClassRunner.java:100) [junit-4.13-beta-3.jar:4.13-beta-3]
	at org.junit.runners.ParentRunner.runLeaf(ParentRunner.java:365) [junit-4.13-beta-3.jar:4.13-beta-3]
	at org.junit.runners.BlockJUnit4ClassRunner.runChild(BlockJUnit4ClassRunner.java:103) [junit-4.13-beta-3.jar:4.13-beta-3]
	at org.junit.runners.BlockJUnit4ClassRunner.runChild(BlockJUnit4ClassRunner.java:63) [junit-4.13-beta-3.jar:4.13-beta-3]
	at org.junit.runners.ParentRunner$4.run(ParentRunner.java:330) [junit-4.13-beta-3.jar:4.13-beta-3]
	at org.junit.runners.ParentRunner$1.schedule(ParentRunner.java:78) [junit-4.13-beta-3.jar:4.13-beta-3]
	at org.junit.runners.ParentRunner.runChildren(ParentRunner.java:328) [junit-4.13-beta-3.jar:4.13-beta-3]
	at org.junit.runners.ParentRunner.access$100(ParentRunner.java:65) [junit-4.13-beta-3.jar:4.13-beta-3]
	at org.junit.runners.ParentRunner$2.evaluate(ParentRunner.java:292) [junit-4.13-beta-3.jar:4.13-beta-3]
	at org.junit.runners.ParentRunner$3.evaluate(ParentRunner.java:305) [junit-4.13-beta-3.jar:4.13-beta-3]
	at org.junit.runners.ParentRunner.run(ParentRunner.java:412) [junit-4.13-beta-3.jar:4.13-beta-3]
	at org.eclipse.jdt.internal.junit4.runner.JUnit4TestReference.run(JUnit4TestReference.java:89) [.cp/:?]
	at org.eclipse.jdt.internal.junit.runner.TestExecution.run(TestExecution.java:41) [.cp/:?]
	at org.eclipse.jdt.internal.junit.runner.RemoteTestRunner.runTests(RemoteTestRunner.java:541) [.cp/:?]
	at org.eclipse.jdt.internal.junit.runner.RemoteTestRunner.runTests(RemoteTestRunner.java:763) [.cp/:?]
	at org.eclipse.jdt.internal.junit.runner.RemoteTestRunner.run(RemoteTestRunner.java:463) [.cp/:?]
	at org.eclipse.jdt.internal.junit.runner.RemoteTestRunner.main(RemoteTestRunner.java:209) [.cp/:?]
Caused by: org.apache.derby.iapi.error.StandardException: Database 'database\MAIN_CATS_DB' not found.
	at org.apache.derby.iapi.error.StandardException.newException(Unknown Source) ~[derby-10.14.2.0.jar:?]
	at org.apache.derby.impl.jdbc.SQLExceptionFactory.wrapArgsForTransportAcrossDRDA(Unknown Source) ~[derby-10.14.2.0.jar:?]
	... 56 more
2019-10-10 14:21:55,068 ERROR c.CatalogueDAO [main] DB error
java.sql.SQLException: Database 'database\MAIN_CATS_DB' not found.
	at org.apache.derby.impl.jdbc.SQLExceptionFactory.getSQLException(Unknown Source) ~[derby-10.14.2.0.jar:?]
	at org.apache.derby.impl.jdbc.SQLExceptionFactory.getSQLException(Unknown Source) ~[derby-10.14.2.0.jar:?]
	at org.apache.derby.impl.jdbc.Util.generateCsSQLException(Unknown Source) ~[derby-10.14.2.0.jar:?]
	at org.apache.derby.impl.jdbc.Util.generateCsSQLException(Unknown Source) ~[derby-10.14.2.0.jar:?]
	at org.apache.derby.impl.jdbc.EmbedConnection.newSQLException(Unknown Source) ~[derby-10.14.2.0.jar:?]
	at org.apache.derby.impl.jdbc.EmbedConnection.handleDBNotFound(Unknown Source) ~[derby-10.14.2.0.jar:?]
	at org.apache.derby.impl.jdbc.EmbedConnection.<init>(Unknown Source) ~[derby-10.14.2.0.jar:?]
	at org.apache.derby.jdbc.InternalDriver$1.run(Unknown Source) ~[derby-10.14.2.0.jar:?]
	at org.apache.derby.jdbc.InternalDriver$1.run(Unknown Source) ~[derby-10.14.2.0.jar:?]
	at java.security.AccessController.doPrivileged(Native Method) ~[?:1.8.0_191]
	at org.apache.derby.jdbc.InternalDriver.getNewEmbedConnection(Unknown Source) ~[derby-10.14.2.0.jar:?]
	at org.apache.derby.jdbc.InternalDriver.connect(Unknown Source) ~[derby-10.14.2.0.jar:?]
	at org.apache.derby.jdbc.InternalDriver.connect(Unknown Source) ~[derby-10.14.2.0.jar:?]
	at org.apache.derby.jdbc.AutoloadedDriver.connect(Unknown Source) ~[derby-10.14.2.0.jar:?]
	at java.sql.DriverManager.getConnection(DriverManager.java:664) ~[?:1.8.0_191]
	at java.sql.DriverManager.getConnection(DriverManager.java:270) ~[?:1.8.0_191]
	at catalogue_browser_dao.DatabaseManager.getMainDBConnection(DatabaseManager.java:115) ~[classes/:?]
	at catalogue_browser_dao.CatalogueDAO.getMyCatalogues(CatalogueDAO.java:563) [classes/:?]
	at ui_main_menu.FileMenu.refresh(FileMenu.java:480) [classes/:?]
	at ui_main_menu.MainMenu$1.run(MainMenu.java:107) [classes/:?]
	at org.eclipse.swt.widgets.RunnableLock.run(Unknown Source) [swt_x64-3.7.1.jar:?]
	at org.eclipse.swt.widgets.Synchronizer.runAsyncMessages(Unknown Source) [swt_x64-3.7.1.jar:?]
	at org.eclipse.swt.widgets.Display.runAsyncMessages(Unknown Source) [swt_x64-3.7.1.jar:?]
	at org.eclipse.swt.widgets.Display.readAndDispatch(Unknown Source) [swt_x64-3.7.1.jar:?]
	at dcf_pending_request.MainPanelTest.testMainPanelListeningPendingRequestsStatusChanges(MainPanelTest.java:89) [classes/:?]
	at sun.reflect.NativeMethodAccessorImpl.invoke0(Native Method) ~[?:1.8.0_191]
	at sun.reflect.NativeMethodAccessorImpl.invoke(NativeMethodAccessorImpl.java:62) ~[?:1.8.0_191]
	at sun.reflect.DelegatingMethodAccessorImpl.invoke(DelegatingMethodAccessorImpl.java:43) ~[?:1.8.0_191]
	at java.lang.reflect.Method.invoke(Method.java:498) ~[?:1.8.0_191]
	at org.junit.runners.model.FrameworkMethod$1.runReflectiveCall(FrameworkMethod.java:59) [junit-4.13-beta-3.jar:4.13-beta-3]
	at org.junit.internal.runners.model.ReflectiveCallable.run(ReflectiveCallable.java:12) [junit-4.13-beta-3.jar:4.13-beta-3]
	at org.junit.runners.model.FrameworkMethod.invokeExplosively(FrameworkMethod.java:56) [junit-4.13-beta-3.jar:4.13-beta-3]
	at org.junit.internal.runners.statements.InvokeMethod.evaluate(InvokeMethod.java:17) [junit-4.13-beta-3.jar:4.13-beta-3]
	at org.junit.internal.runners.statements.RunBefores.evaluate(RunBefores.java:26) [junit-4.13-beta-3.jar:4.13-beta-3]
	at org.junit.runners.ParentRunner$3.evaluate(ParentRunner.java:305) [junit-4.13-beta-3.jar:4.13-beta-3]
	at org.junit.runners.BlockJUnit4ClassRunner$1.evaluate(BlockJUnit4ClassRunner.java:100) [junit-4.13-beta-3.jar:4.13-beta-3]
	at org.junit.runners.ParentRunner.runLeaf(ParentRunner.java:365) [junit-4.13-beta-3.jar:4.13-beta-3]
	at org.junit.runners.BlockJUnit4ClassRunner.runChild(BlockJUnit4ClassRunner.java:103) [junit-4.13-beta-3.jar:4.13-beta-3]
	at org.junit.runners.BlockJUnit4ClassRunner.runChild(BlockJUnit4ClassRunner.java:63) [junit-4.13-beta-3.jar:4.13-beta-3]
	at org.junit.runners.ParentRunner$4.run(ParentRunner.java:330) [junit-4.13-beta-3.jar:4.13-beta-3]
	at org.junit.runners.ParentRunner$1.schedule(ParentRunner.java:78) [junit-4.13-beta-3.jar:4.13-beta-3]
	at org.junit.runners.ParentRunner.runChildren(ParentRunner.java:328) [junit-4.13-beta-3.jar:4.13-beta-3]
	at org.junit.runners.ParentRunner.access$100(ParentRunner.java:65) [junit-4.13-beta-3.jar:4.13-beta-3]
	at org.junit.runners.ParentRunner$2.evaluate(ParentRunner.java:292) [junit-4.13-beta-3.jar:4.13-beta-3]
	at org.junit.runners.ParentRunner$3.evaluate(ParentRunner.java:305) [junit-4.13-beta-3.jar:4.13-beta-3]
	at org.junit.runners.ParentRunner.run(ParentRunner.java:412) [junit-4.13-beta-3.jar:4.13-beta-3]
	at org.eclipse.jdt.internal.junit4.runner.JUnit4TestReference.run(JUnit4TestReference.java:89) [.cp/:?]
	at org.eclipse.jdt.internal.junit.runner.TestExecution.run(TestExecution.java:41) [.cp/:?]
	at org.eclipse.jdt.internal.junit.runner.RemoteTestRunner.runTests(RemoteTestRunner.java:541) [.cp/:?]
	at org.eclipse.jdt.internal.junit.runner.RemoteTestRunner.runTests(RemoteTestRunner.java:763) [.cp/:?]
	at org.eclipse.jdt.internal.junit.runner.RemoteTestRunner.run(RemoteTestRunner.java:463) [.cp/:?]
	at org.eclipse.jdt.internal.junit.runner.RemoteTestRunner.main(RemoteTestRunner.java:209) [.cp/:?]
Caused by: org.apache.derby.iapi.error.StandardException: Database 'database\MAIN_CATS_DB' not found.
	at org.apache.derby.iapi.error.StandardException.newException(Unknown Source) ~[derby-10.14.2.0.jar:?]
	at org.apache.derby.impl.jdbc.SQLExceptionFactory.wrapArgsForTransportAcrossDRDA(Unknown Source) ~[derby-10.14.2.0.jar:?]
	... 52 more
